This file contains any messages produced by compilers while
running configure, to aid debugging if configure makes a mistake.

It was created by fdk-aac configure 0.1.3, which was
generated by GNU Autoconf 2.69.  Invocation command line was

  $ ./configure --enable-static --host=aarch64-linux --target=android --disable-asm --enable-pic --enable-strip --prefix=/d/ffmpeg3.3.9/ffmpegmore1/ffmpeg-3.3.9/fdk-aac-0.1.3/android/arm64-v8a

## --------- ##
## Platform. ##
## --------- ##

hostname = HZPC
uname -m = x86_64
uname -r = 3.0.6(0.338/5/3)
uname -s = MINGW64_NT-10.0
uname -v = 2019-04-15 06:44

/usr/bin/uname -p = unknown
/bin/uname -X     = unknown

/bin/arch              = x86_64
/usr/bin/arch -k       = unknown
/usr/convex/getsysinfo = unknown
/usr/bin/hostinfo      = unknown
/bin/machine           = unknown
/usr/bin/oslevel       = unknown
/bin/universe          = unknown

PATH: /mingw64/bin
PATH: /usr/local/bin
PATH: /usr/bin
PATH: /bin
PATH: /c/Windows/System32
PATH: /c/Windows
PATH: /c/Windows/System32/Wbem
PATH: /c/Windows/System32/WindowsPowerShell/v1.0/


## ----------- ##
## Core tests. ##
## ----------- ##

configure:2157: loading site script /mingw64/etc/config.site
| # This file is in public domain.
| # Original author: Karlson2k (Evgeny Grin)
| # Written for MSys2/MinGW64 to help running 'configure' scripts
| 
| # Defaults for MinGW64-targeted programs
| 
| # Set proper selfname on bash and fallback to default name on other shells
| test -n "${BASH_SOURCE}" 2>/dev/null && config_site_me="${BASH_SOURCE[0]##*/}" || config_site_me=config.site
| 
| # Set default 'host' to speedup configure
| if test -z "$build_alias"; then
|   build_alias="${MSYSTEM_CHOST-x86_64-w64-mingw32}" && \
|     ${as_echo-echo} "$config_site_me:${as_lineno-$LINENO}: default build_alias set to $build_alias" >&5
| fi
| 
| # Set default 'prefix' to "/mingw64"
| if ( test -z "$prefix" || test "x$prefix" = "xNONE" ) && \
|    ( test -z "$exec_prefix" || test "x$exec_prefix" = "xNONE" ); then
|   prefix="${MSYSTEM_PREFIX-/mingw64}" && \
|     ${as_echo-echo} "$config_site_me:${as_lineno-$LINENO}: default prefix set to $prefix" >&5
| fi
config.site:13: default build_alias set to x86_64-w64-mingw32
configure:2299: checking for a BSD-compatible install
configure:2367: result: /usr/bin/install -c
configure:2378: checking whether build environment is sane
configure:2428: result: yes
configure:2477: checking for aarch64-linux-strip
configure:2507: result: no
configure:2517: checking for strip
configure:2533: found /mingw64/bin/strip
configure:2544: result: strip
configure:2569: checking for a thread-safe mkdir -p
configure:2608: result: /usr/bin/mkdir -p
configure:2621: checking for gawk
configure:2637: found /usr/bin/gawk
configure:2648: result: gawk
configure:2659: checking whether make sets $(MAKE)
configure:2681: result: yes
configure:2756: checking how to create a ustar tar archive
configure:2769: tar --version
bsdtar 3.3.2 - libarchive 3.3.2 zlib/1.2.5.f-ipp
configure:2772: $? = 0
configure:2812: tardir=conftest.dir && eval tar --format=ustar -chf - "$tardir" >conftest.tar
configure:2815: $? = 0
configure:2819: tar -xf - <conftest.tar
configure:2822: $? = 0
configure:2835: result: gnutar
configure:2853: checking whether make supports nested variables
configure:2870: result: yes
configure:2907: checking for aarch64-linux-gcc
configure:2934: result: D:/ndk15/android-ndk-r15c/toolchains/aarch64-linux-android-4.9/prebuilt/windows-x86_64/bin/aarch64-linux-android-gcc --sysroot=D:/ndk15/android-ndk-r15c/platforms/android-21/arch-arm64
configure:3203: checking for C compiler version
configure:3212: D:/ndk15/android-ndk-r15c/toolchains/aarch64-linux-android-4.9/prebuilt/windows-x86_64/bin/aarch64-linux-android-gcc --sysroot=D:/ndk15/android-ndk-r15c/platforms/android-21/arch-arm64 --version >&5
aarch64-linux-android-gcc.exe (GCC) 4.9.x 20150123 (prerelease)
Copyright (C) 2014 Free Software Foundation, Inc.
This is free software; see the source for copying conditions.  There is NO
warranty; not even for MERCHANTABILITY or FITNESS FOR A PARTICULAR PURPOSE.

configure:3223: $? = 0
configure:3212: D:/ndk15/android-ndk-r15c/toolchains/aarch64-linux-android-4.9/prebuilt/windows-x86_64/bin/aarch64-linux-android-gcc --sysroot=D:/ndk15/android-ndk-r15c/platforms/android-21/arch-arm64 -v >&5
Using built-in specs.
COLLECT_GCC=D:\ndk15\android-ndk-r15c\toolchains\aarch64-linux-android-4.9\prebuilt\windows-x86_64\bin\aarch64-linux-android-gcc.exe
COLLECT_LTO_WRAPPER=d:/ndk15/android-ndk-r15c/toolchains/aarch64-linux-android-4.9/prebuilt/windows-x86_64/bin/../libexec/gcc/aarch64-linux-android/4.9.x/lto-wrapper.exe
Target: aarch64-linux-android
Configured with: /usr/local/google/buildbot/src/android/gcc/toolchain/build/../gcc/gcc-4.9/configure --prefix=/tmp/ba87ca438b41d05f94d001f6340be22b --target=aarch64-linux-android --host=x86_64-pc-mingw32msvc --build=x86_64-linux-gnu --with-gnu-as --with-gnu-ld --enable-languages=c,c++ --with-gmp=/buildbot/tmp/build/toolchain/temp-install --with-mpfr=/buildbot/tmp/build/toolchain/temp-install --with-mpc=/buildbot/tmp/build/toolchain/temp-install --with-cloog=/buildbot/tmp/build/toolchain/temp-install --with-isl=/buildbot/tmp/build/toolchain/temp-install --with-ppl=/buildbot/tmp/build/toolchain/temp-install --disable-ppl-version-check --disable-cloog-version-check --disable-isl-version-check --enable-cloog-backend=isl --with-host-libstdcxx='-static-libgcc -static-libstdc++ -lstdc++ -lm -static' --disable-libssp --enable-threads --disable-nls --disable-libmudflap --disable-libgomp --disable-libstdc__-v3 --disable-sjlj-exceptions --disable-shared --disable-tls --disable-libitm --enable-bionic-libs --enable-libatomic-ifuncs=no --enable-initfini-array --disable-nls --prefix=/tmp/ba87ca438b41d05f94d001f6340be22b --with-sysroot=/tmp/ba87ca438b41d05f94d001f6340be22b/sysroot --with-binutils-version=2.25 --with-mpfr-version=3.1.1 --with-mpc-version=1.0.1 --with-gmp-version=5.0.5 --with-gcc-version=4.9 --with-gdb-version=none --with-gxx-include-dir=/tmp/ba87ca438b41d05f94d001f6340be22b/include/c++/4.9.x --with-bugurl=http://source.android.com/source/report-bugs.html --enable-languages=c,c++ --disable-bootstrap --enable-plugins --enable-libgomp --enable-gnu-indirect-function --disable-libsanitizer --enable-gold --enable-ld=default --enable-eh-frame-hdr-for-static --enable-fix-cortex-a53-835769 --enable-graphite=yes --with-isl-version=0.11.1 --with-cloog-version=0.18.0 --program-transform-name='s&^&aarch64-linux-android-&' --enable-gold
Thread model: posix
gcc version 4.9.x 20150123 (prerelease) (GCC) 
configure:3223: $? = 0
configure:3212: D:/ndk15/android-ndk-r15c/toolchains/aarch64-linux-android-4.9/prebuilt/windows-x86_64/bin/aarch64-linux-android-gcc --sysroot=D:/ndk15/android-ndk-r15c/platforms/android-21/arch-arm64 -V >&5
aarch64-linux-android-gcc.exe: error: unrecognized command line option '-V'
aarch64-linux-android-gcc.exe: fatal error: no input files
compilation terminated.
configure:3223: $? = 1
configure:3212: D:/ndk15/android-ndk-r15c/toolchains/aarch64-linux-android-4.9/prebuilt/windows-x86_64/bin/aarch64-linux-android-gcc --sysroot=D:/ndk15/android-ndk-r15c/platforms/android-21/arch-arm64 -qversion >&5
aarch64-linux-android-gcc.exe: error: unrecognized command line option '-qversion'
aarch64-linux-android-gcc.exe: fatal error: no input files
compilation terminated.
configure:3223: $? = 1
configure:3243: checking whether the C compiler works
configure:3265: D:/ndk15/android-ndk-r15c/toolchains/aarch64-linux-android-4.9/prebuilt/windows-x86_64/bin/aarch64-linux-android-gcc --sysroot=D:/ndk15/android-ndk-r15c/platforms/android-21/arch-arm64     -LD:/ndk15/android-ndk-r15c/platforms/android-21/arch-arm64/usr/lib     conftest.c  >&5
configure:3269: $? = 0
configure:3317: result: yes
configure:3320: checking for C compiler default output file name
configure:3322: result: a.out
configure:3328: checking for suffix of executables
configure:3335: D:/ndk15/android-ndk-r15c/toolchains/aarch64-linux-android-4.9/prebuilt/windows-x86_64/bin/aarch64-linux-android-gcc --sysroot=D:/ndk15/android-ndk-r15c/platforms/android-21/arch-arm64 -o conftest     -LD:/ndk15/android-ndk-r15c/platforms/android-21/arch-arm64/usr/lib     conftest.c  >&5
configure:3339: $? = 0
configure:3361: result: 
configure:3383: checking whether we are cross compiling
configure:3391: D:/ndk15/android-ndk-r15c/toolchains/aarch64-linux-android-4.9/prebuilt/windows-x86_64/bin/aarch64-linux-android-gcc --sysroot=D:/ndk15/android-ndk-r15c/platforms/android-21/arch-arm64 -o conftest     -LD:/ndk15/android-ndk-r15c/platforms/android-21/arch-arm64/usr/lib     conftest.c  >&5
configure:3395: $? = 0
configure:3402: ./conftest
./configure: line 3404: ./conftest: cannot execute binary file: Exec format error
configure:3406: $? = 126
configure:3421: result: yes
configure:3426: checking for suffix of object files
configure:3448: D:/ndk15/android-ndk-r15c/toolchains/aarch64-linux-android-4.9/prebuilt/windows-x86_64/bin/aarch64-linux-android-gcc --sysroot=D:/ndk15/android-ndk-r15c/platforms/android-21/arch-arm64 -c    conftest.c >&5
configure:3452: $? = 0
configure:3473: result: o
configure:3477: checking whether we are using the GNU C compiler
configure:3496: D:/ndk15/android-ndk-r15c/toolchains/aarch64-linux-android-4.9/prebuilt/windows-x86_64/bin/aarch64-linux-android-gcc --sysroot=D:/ndk15/android-ndk-r15c/platforms/android-21/arch-arm64 -c    conftest.c >&5
configure:3496: $? = 0
configure:3505: result: yes
configure:3514: checking whether D:/ndk15/android-ndk-r15c/toolchains/aarch64-linux-android-4.9/prebuilt/windows-x86_64/bin/aarch64-linux-android-gcc --sysroot=D:/ndk15/android-ndk-r15c/platforms/android-21/arch-arm64 accepts -g
configure:3534: D:/ndk15/android-ndk-r15c/toolchains/aarch64-linux-android-4.9/prebuilt/windows-x86_64/bin/aarch64-linux-android-gcc --sysroot=D:/ndk15/android-ndk-r15c/platforms/android-21/arch-arm64 -c -g  conftest.c >&5
configure:3534: $? = 0
configure:3575: result: yes
configure:3592: checking for D:/ndk15/android-ndk-r15c/toolchains/aarch64-linux-android-4.9/prebuilt/windows-x86_64/bin/aarch64-linux-android-gcc --sysroot=D:/ndk15/android-ndk-r15c/platforms/android-21/arch-arm64 option to accept ISO C89
configure:3655: D:/ndk15/android-ndk-r15c/toolchains/aarch64-linux-android-4.9/prebuilt/windows-x86_64/bin/aarch64-linux-android-gcc --sysroot=D:/ndk15/android-ndk-r15c/platforms/android-21/arch-arm64  -c    conftest.c >&5
configure:3655: $? = 0
configure:3668: result: none needed
configure:3699: checking for style of include used by make
configure:3727: result: GNU
configure:3753: checking dependency style of D:/ndk15/android-ndk-r15c/toolchains/aarch64-linux-android-4.9/prebuilt/windows-x86_64/bin/aarch64-linux-android-gcc --sysroot=D:/ndk15/android-ndk-r15c/platforms/android-21/arch-arm64
configure:3864: result: gcc3
configure:3991: checking for C++ compiler version
configure:4000: D:/ndk15/android-ndk-r15c/toolchains/aarch64-linux-android-4.9/prebuilt/windows-x86_64/bin/aarch64-linux-android-g++ --sysroot=D:/ndk15/android-ndk-r15c/platforms/android-21/arch-arm64 --version >&5
aarch64-linux-android-g++.exe (GCC) 4.9.x 20150123 (prerelease)
Copyright (C) 2014 Free Software Foundation, Inc.
This is free software; see the source for copying conditions.  There is NO
warranty; not even for MERCHANTABILITY or FITNESS FOR A PARTICULAR PURPOSE.

configure:4011: $? = 0
configure:4000: D:/ndk15/android-ndk-r15c/toolchains/aarch64-linux-android-4.9/prebuilt/windows-x86_64/bin/aarch64-linux-android-g++ --sysroot=D:/ndk15/android-ndk-r15c/platforms/android-21/arch-arm64 -v >&5
Using built-in specs.
COLLECT_GCC=D:\ndk15\android-ndk-r15c\toolchains\aarch64-linux-android-4.9\prebuilt\windows-x86_64\bin\aarch64-linux-android-g++.exe
COLLECT_LTO_WRAPPER=d:/ndk15/android-ndk-r15c/toolchains/aarch64-linux-android-4.9/prebuilt/windows-x86_64/bin/../libexec/gcc/aarch64-linux-android/4.9.x/lto-wrapper.exe
Target: aarch64-linux-android
Configured with: /usr/local/google/buildbot/src/android/gcc/toolchain/build/../gcc/gcc-4.9/configure --prefix=/tmp/ba87ca438b41d05f94d001f6340be22b --target=aarch64-linux-android --host=x86_64-pc-mingw32msvc --build=x86_64-linux-gnu --with-gnu-as --with-gnu-ld --enable-languages=c,c++ --with-gmp=/buildbot/tmp/build/toolchain/temp-install --with-mpfr=/buildbot/tmp/build/toolchain/temp-install --with-mpc=/buildbot/tmp/build/toolchain/temp-install --with-cloog=/buildbot/tmp/build/toolchain/temp-install --with-isl=/buildbot/tmp/build/toolchain/temp-install --with-ppl=/buildbot/tmp/build/toolchain/temp-install --disable-ppl-version-check --disable-cloog-version-check --disable-isl-version-check --enable-cloog-backend=isl --with-host-libstdcxx='-static-libgcc -static-libstdc++ -lstdc++ -lm -static' --disable-libssp --enable-threads --disable-nls --disable-libmudflap --disable-libgomp --disable-libstdc__-v3 --disable-sjlj-exceptions --disable-shared --disable-tls --disable-libitm --enable-bionic-libs --enable-libatomic-ifuncs=no --enable-initfini-array --disable-nls --prefix=/tmp/ba87ca438b41d05f94d001f6340be22b --with-sysroot=/tmp/ba87ca438b41d05f94d001f6340be22b/sysroot --with-binutils-version=2.25 --with-mpfr-version=3.1.1 --with-mpc-version=1.0.1 --with-gmp-version=5.0.5 --with-gcc-version=4.9 --with-gdb-version=none --with-gxx-include-dir=/tmp/ba87ca438b41d05f94d001f6340be22b/include/c++/4.9.x --with-bugurl=http://source.android.com/source/report-bugs.html --enable-languages=c,c++ --disable-bootstrap --enable-plugins --enable-libgomp --enable-gnu-indirect-function --disable-libsanitizer --enable-gold --enable-ld=default --enable-eh-frame-hdr-for-static --enable-fix-cortex-a53-835769 --enable-graphite=yes --with-isl-version=0.11.1 --with-cloog-version=0.18.0 --program-transform-name='s&^&aarch64-linux-android-&' --enable-gold
Thread model: posix
gcc version 4.9.x 20150123 (prerelease) (GCC) 
configure:4011: $? = 0
configure:4000: D:/ndk15/android-ndk-r15c/toolchains/aarch64-linux-android-4.9/prebuilt/windows-x86_64/bin/aarch64-linux-android-g++ --sysroot=D:/ndk15/android-ndk-r15c/platforms/android-21/arch-arm64 -V >&5
aarch64-linux-android-g++.exe: error: unrecognized command line option '-V'
aarch64-linux-android-g++.exe: fatal error: no input files
compilation terminated.
configure:4011: $? = 1
configure:4000: D:/ndk15/android-ndk-r15c/toolchains/aarch64-linux-android-4.9/prebuilt/windows-x86_64/bin/aarch64-linux-android-g++ --sysroot=D:/ndk15/android-ndk-r15c/platforms/android-21/arch-arm64 -qversion >&5
aarch64-linux-android-g++.exe: error: unrecognized command line option '-qversion'
aarch64-linux-android-g++.exe: fatal error: no input files
compilation terminated.
configure:4011: $? = 1
configure:4015: checking whether we are using the GNU C++ compiler
configure:4034: D:/ndk15/android-ndk-r15c/toolchains/aarch64-linux-android-4.9/prebuilt/windows-x86_64/bin/aarch64-linux-android-g++ --sysroot=D:/ndk15/android-ndk-r15c/platforms/android-21/arch-arm64 -c    conftest.cpp >&5
configure:4034: $? = 0
configure:4043: result: yes
configure:4052: checking whether D:/ndk15/android-ndk-r15c/toolchains/aarch64-linux-android-4.9/prebuilt/windows-x86_64/bin/aarch64-linux-android-g++ --sysroot=D:/ndk15/android-ndk-r15c/platforms/android-21/arch-arm64 accepts -g
configure:4072: D:/ndk15/android-ndk-r15c/toolchains/aarch64-linux-android-4.9/prebuilt/windows-x86_64/bin/aarch64-linux-android-g++ --sysroot=D:/ndk15/android-ndk-r15c/platforms/android-21/arch-arm64 -c -g  conftest.cpp >&5
configure:4072: $? = 0
configure:4113: result: yes
configure:4138: checking dependency style of D:/ndk15/android-ndk-r15c/toolchains/aarch64-linux-android-4.9/prebuilt/windows-x86_64/bin/aarch64-linux-android-g++ --sysroot=D:/ndk15/android-ndk-r15c/platforms/android-21/arch-arm64
configure:4249: result: gcc3
configure:4293: checking build system type
configure:4307: result: x86_64-w64-mingw32
configure:4327: checking host system type
configure:4340: result: aarch64-unknown-linux-gnu
configure:4381: checking how to print strings
configure:4408: result: printf
configure:4429: checking for a sed that does not truncate output
configure:4493: result: /usr/bin/sed
configure:4511: checking for grep that handles long lines and -e
configure:4569: result: /usr/bin/grep
configure:4574: checking for egrep
configure:4636: result: /usr/bin/grep -E
configure:4641: checking for fgrep
configure:4703: result: /usr/bin/grep -F
configure:4738: checking for ld used by D:/ndk15/android-ndk-r15c/toolchains/aarch64-linux-android-4.9/prebuilt/windows-x86_64/bin/aarch64-linux-android-gcc --sysroot=D:/ndk15/android-ndk-r15c/platforms/android-21/arch-arm64
configure:4805: result: D:/ndk15/android-ndk-r15c/toolchains/aarch64-linux-android-4.9/prebuilt/windows-x86_64/bin/aarch64-linux-android-ld
configure:4812: checking if the linker (D:/ndk15/android-ndk-r15c/toolchains/aarch64-linux-android-4.9/prebuilt/windows-x86_64/bin/aarch64-linux-android-ld) is GNU ld
configure:4827: result: yes
configure:4839: checking for BSD- or MS-compatible name lister (nm)
configure:4888: result: no
configure:4902: checking for aarch64-linux-dumpbin
configure:4932: result: no
configure:4902: checking for aarch64-linux-link
configure:4932: result: no
configure:4946: checking for dumpbin
configure:4976: result: no
configure:4946: checking for link
configure:4962: found /usr/bin/link
configure:4973: result: link -dump
configure:4989: WARNING: using cross tools not prefixed with host triplet
configure:5018: checking the name lister (nm) interface
configure:5025: D:/ndk15/android-ndk-r15c/toolchains/aarch64-linux-android-4.9/prebuilt/windows-x86_64/bin/aarch64-linux-android-gcc --sysroot=D:/ndk15/android-ndk-r15c/platforms/android-21/arch-arm64 -c    conftest.c >&5
configure:5028: nm "conftest.o"
configure:5031: output
0000000000000000 b $d
0000000000000000 B some_variable
configure:5038: result: BSD nm
configure:5041: checking whether ln -s works
configure:5048: result: no, using cp -pR
configure:5053: checking the maximum length of command line arguments
configure:5183: result: 8192
configure:5200: checking whether the shell understands some XSI constructs
configure:5210: result: yes
configure:5214: checking whether the shell understands "+="
configure:5220: result: yes
configure:5255: checking how to convert x86_64-w64-mingw32 file names to aarch64-unknown-linux-gnu format
configure:5295: result: func_convert_file_noop
configure:5302: checking how to convert x86_64-w64-mingw32 file names to toolchain format
configure:5322: result: func_convert_file_noop
configure:5329: checking for D:/ndk15/android-ndk-r15c/toolchains/aarch64-linux-android-4.9/prebuilt/windows-x86_64/bin/aarch64-linux-android-ld option to reload object files
configure:5336: result: -r
configure:5370: checking for aarch64-linux-objdump
configure:5400: result: no
configure:5410: checking for objdump
configure:5426: found /mingw64/bin/objdump
configure:5437: result: objdump
configure:5469: checking how to recognize dependent libraries
configure:5667: result: pass_all
configure:5712: checking for aarch64-linux-dlltool
configure:5742: result: no
configure:5752: checking for dlltool
configure:5768: found /mingw64/bin/dlltool
configure:5779: result: dlltool
configure:5812: checking how to associate runtime and link libraries
configure:5839: result: printf %s\n
configure:5856: checking for aarch64-linux-ar
configure:5883: result: D:/ndk15/android-ndk-r15c/toolchains/aarch64-linux-android-4.9/prebuilt/windows-x86_64/bin/aarch64-linux-android-ar
configure:5964: checking for archiver @FILE support
configure:5981: D:/ndk15/android-ndk-r15c/toolchains/aarch64-linux-android-4.9/prebuilt/windows-x86_64/bin/aarch64-linux-android-gcc --sysroot=D:/ndk15/android-ndk-r15c/platforms/android-21/arch-arm64 -c    conftest.c >&5
configure:5981: $? = 0
configure:5984: D:/ndk15/android-ndk-r15c/toolchains/aarch64-linux-android-4.9/prebuilt/windows-x86_64/bin/aarch64-linux-android-ar cru libconftest.a @conftest.lst >&5
configure:5987: $? = 0
configure:5992: D:/ndk15/android-ndk-r15c/toolchains/aarch64-linux-android-4.9/prebuilt/windows-x86_64/bin/aarch64-linux-android-ar cru libconftest.a @conftest.lst >&5
D:\ndk15\android-ndk-r15c\toolchains\aarch64-linux-android-4.9\prebuilt\windows-x86_64\bin\aarch64-linux-android-ar.exe: conftest.o: No such file or directory
configure:5995: $? = 1
configure:6007: result: @
configure:6025: checking for aarch64-linux-strip
configure:6052: result: strip
configure:6124: checking for aarch64-linux-ranlib
configure:6154: result: no
configure:6164: checking for ranlib
configure:6180: found /mingw64/bin/ranlib
configure:6191: result: ranlib
configure:6293: checking command to parse nm output from D:/ndk15/android-ndk-r15c/toolchains/aarch64-linux-android-4.9/prebuilt/windows-x86_64/bin/aarch64-linux-android-gcc --sysroot=D:/ndk15/android-ndk-r15c/platforms/android-21/arch-arm64 object
configure:6413: D:/ndk15/android-ndk-r15c/toolchains/aarch64-linux-android-4.9/prebuilt/windows-x86_64/bin/aarch64-linux-android-gcc --sysroot=D:/ndk15/android-ndk-r15c/platforms/android-21/arch-arm64 -c    conftest.c >&5
configure:6416: $? = 0
configure:6420: nm conftest.o \| sed -n -e 's/^.*[ ]\([ABCDGIRSTW][ABCDGIRSTW]*\)[ ][ ]*\([_A-Za-z][_A-Za-z0-9]*\)\{0,1\}$/\1 \2 \2/p' | sed '/ __gnu_lto/d' \> conftest.nm
configure:6423: $? = 0
configure:6489: D:/ndk15/android-ndk-r15c/toolchains/aarch64-linux-android-4.9/prebuilt/windows-x86_64/bin/aarch64-linux-android-gcc --sysroot=D:/ndk15/android-ndk-r15c/platforms/android-21/arch-arm64 -o conftest     -LD:/ndk15/android-ndk-r15c/platforms/android-21/arch-arm64/usr/lib     conftest.c conftstm.o >&5
configure:6492: $? = 0
configure:6530: result: ok
configure:6567: checking for sysroot
configure:6597: result: no
configure:6813: checking for aarch64-linux-mt
configure:6843: result: no
configure:6853: checking for mt
configure:6883: result: no
configure:6903: checking if : is a manifest tool
configure:6909: : '-?'
configure:6917: result: no
configure:7559: checking how to run the C preprocessor
configure:7590: D:/ndk15/android-ndk-r15c/toolchains/aarch64-linux-android-4.9/prebuilt/windows-x86_64/bin/aarch64-linux-android-gcc --sysroot=D:/ndk15/android-ndk-r15c/platforms/android-21/arch-arm64 -E  conftest.c
configure:7590: $? = 0
configure:7604: D:/ndk15/android-ndk-r15c/toolchains/aarch64-linux-android-4.9/prebuilt/windows-x86_64/bin/aarch64-linux-android-gcc --sysroot=D:/ndk15/android-ndk-r15c/platforms/android-21/arch-arm64 -E  conftest.c
conftest.c:11:28: fatal error: ac_nonexistent.h: No such file or directory
 #include <ac_nonexistent.h>
                            ^
compilation terminated.
configure:7604: $? = 1
configure: failed program was:
| /* confdefs.h */
| #define PACKAGE_NAME "fdk-aac"
| #define PACKAGE_TARNAME "fdk-aac"
| #define PACKAGE_VERSION "0.1.3"
| #define PACKAGE_STRING "fdk-aac 0.1.3"
| #define PACKAGE_BUGREPORT "http://sourceforge.net/projects/opencore-amr/"
| #define PACKAGE_URL ""
| #define PACKAGE "fdk-aac"
| #define VERSION "0.1.3"
| /* end confdefs.h.  */
| #include <ac_nonexistent.h>
configure:7629: result: D:/ndk15/android-ndk-r15c/toolchains/aarch64-linux-android-4.9/prebuilt/windows-x86_64/bin/aarch64-linux-android-gcc --sysroot=D:/ndk15/android-ndk-r15c/platforms/android-21/arch-arm64 -E
configure:7649: D:/ndk15/android-ndk-r15c/toolchains/aarch64-linux-android-4.9/prebuilt/windows-x86_64/bin/aarch64-linux-android-gcc --sysroot=D:/ndk15/android-ndk-r15c/platforms/android-21/arch-arm64 -E  conftest.c
configure:7649: $? = 0
configure:7663: D:/ndk15/android-ndk-r15c/toolchains/aarch64-linux-android-4.9/prebuilt/windows-x86_64/bin/aarch64-linux-android-gcc --sysroot=D:/ndk15/android-ndk-r15c/platforms/android-21/arch-arm64 -E  conftest.c
conftest.c:11:28: fatal error: ac_nonexistent.h: No such file or directory
 #include <ac_nonexistent.h>
                            ^
compilation terminated.
configure:7663: $? = 1
configure: failed program was:
| /* confdefs.h */
| #define PACKAGE_NAME "fdk-aac"
| #define PACKAGE_TARNAME "fdk-aac"
| #define PACKAGE_VERSION "0.1.3"
| #define PACKAGE_STRING "fdk-aac 0.1.3"
| #define PACKAGE_BUGREPORT "http://sourceforge.net/projects/opencore-amr/"
| #define PACKAGE_URL ""
| #define PACKAGE "fdk-aac"
| #define VERSION "0.1.3"
| /* end confdefs.h.  */
| #include <ac_nonexistent.h>
configure:7692: checking for ANSI C header files
configure:7712: D:/ndk15/android-ndk-r15c/toolchains/aarch64-linux-android-4.9/prebuilt/windows-x86_64/bin/aarch64-linux-android-gcc --sysroot=D:/ndk15/android-ndk-r15c/platforms/android-21/arch-arm64 -c    conftest.c >&5
configure:7712: $? = 0
configure:7796: result: yes
configure:7809: checking for sys/types.h
configure:7809: D:/ndk15/android-ndk-r15c/toolchains/aarch64-linux-android-4.9/prebuilt/windows-x86_64/bin/aarch64-linux-android-gcc --sysroot=D:/ndk15/android-ndk-r15c/platforms/android-21/arch-arm64 -c    conftest.c >&5
configure:7809: $? = 0
configure:7809: result: yes
configure:7809: checking for sys/stat.h
configure:7809: D:/ndk15/android-ndk-r15c/toolchains/aarch64-linux-android-4.9/prebuilt/windows-x86_64/bin/aarch64-linux-android-gcc --sysroot=D:/ndk15/android-ndk-r15c/platforms/android-21/arch-arm64 -c    conftest.c >&5
configure:7809: $? = 0
configure:7809: result: yes
configure:7809: checking for stdlib.h
configure:7809: D:/ndk15/android-ndk-r15c/toolchains/aarch64-linux-android-4.9/prebuilt/windows-x86_64/bin/aarch64-linux-android-gcc --sysroot=D:/ndk15/android-ndk-r15c/platforms/android-21/arch-arm64 -c    conftest.c >&5
configure:7809: $? = 0
configure:7809: result: yes
configure:7809: checking for string.h
configure:7809: D:/ndk15/android-ndk-r15c/toolchains/aarch64-linux-android-4.9/prebuilt/windows-x86_64/bin/aarch64-linux-android-gcc --sysroot=D:/ndk15/android-ndk-r15c/platforms/android-21/arch-arm64 -c    conftest.c >&5
configure:7809: $? = 0
configure:7809: result: yes
configure:7809: checking for memory.h
configure:7809: D:/ndk15/android-ndk-r15c/toolchains/aarch64-linux-android-4.9/prebuilt/windows-x86_64/bin/aarch64-linux-android-gcc --sysroot=D:/ndk15/android-ndk-r15c/platforms/android-21/arch-arm64 -c    conftest.c >&5
configure:7809: $? = 0
configure:7809: result: yes
configure:7809: checking for strings.h
configure:7809: D:/ndk15/android-ndk-r15c/toolchains/aarch64-linux-android-4.9/prebuilt/windows-x86_64/bin/aarch64-linux-android-gcc --sysroot=D:/ndk15/android-ndk-r15c/platforms/android-21/arch-arm64 -c    conftest.c >&5
configure:7809: $? = 0
configure:7809: result: yes
configure:7809: checking for inttypes.h
configure:7809: D:/ndk15/android-ndk-r15c/toolchains/aarch64-linux-android-4.9/prebuilt/windows-x86_64/bin/aarch64-linux-android-gcc --sysroot=D:/ndk15/android-ndk-r15c/platforms/android-21/arch-arm64 -c    conftest.c >&5
configure:7809: $? = 0
configure:7809: result: yes
configure:7809: checking for stdint.h
configure:7809: D:/ndk15/android-ndk-r15c/toolchains/aarch64-linux-android-4.9/prebuilt/windows-x86_64/bin/aarch64-linux-android-gcc --sysroot=D:/ndk15/android-ndk-r15c/platforms/android-21/arch-arm64 -c    conftest.c >&5
configure:7809: $? = 0
configure:7809: result: yes
configure:7809: checking for unistd.h
configure:7809: D:/ndk15/android-ndk-r15c/toolchains/aarch64-linux-android-4.9/prebuilt/windows-x86_64/bin/aarch64-linux-android-gcc --sysroot=D:/ndk15/android-ndk-r15c/platforms/android-21/arch-arm64 -c    conftest.c >&5
configure:7809: $? = 0
configure:7809: result: yes
configure:7823: checking for dlfcn.h
configure:7823: D:/ndk15/android-ndk-r15c/toolchains/aarch64-linux-android-4.9/prebuilt/windows-x86_64/bin/aarch64-linux-android-gcc --sysroot=D:/ndk15/android-ndk-r15c/platforms/android-21/arch-arm64 -c    conftest.c >&5
configure:7823: $? = 0
configure:7823: result: yes
configure:8040: checking for objdir
configure:8055: result: .libs
configure:8326: checking if D:/ndk15/android-ndk-r15c/toolchains/aarch64-linux-android-4.9/prebuilt/windows-x86_64/bin/aarch64-linux-android-gcc --sysroot=D:/ndk15/android-ndk-r15c/platforms/android-21/arch-arm64 supports -fno-rtti -fno-exceptions
configure:8344: D:/ndk15/android-ndk-r15c/toolchains/aarch64-linux-android-4.9/prebuilt/windows-x86_64/bin/aarch64-linux-android-gcc --sysroot=D:/ndk15/android-ndk-r15c/platforms/android-21/arch-arm64 -c    -fno-rtti -fno-exceptions conftest.c >&5
cc1.exe: warning: command line option '-fno-rtti' is valid for C++/ObjC++ but not for C
configure:8348: $? = 0
configure:8361: result: no
configure:8688: checking for D:/ndk15/android-ndk-r15c/toolchains/aarch64-linux-android-4.9/prebuilt/windows-x86_64/bin/aarch64-linux-android-gcc --sysroot=D:/ndk15/android-ndk-r15c/platforms/android-21/arch-arm64 option to produce PIC
configure:8695: result: -fPIC -DPIC
configure:8703: checking if D:/ndk15/android-ndk-r15c/toolchains/aarch64-linux-android-4.9/prebuilt/windows-x86_64/bin/aarch64-linux-android-gcc --sysroot=D:/ndk15/android-ndk-r15c/platforms/android-21/arch-arm64 PIC flag -fPIC -DPIC works
configure:8721: D:/ndk15/android-ndk-r15c/toolchains/aarch64-linux-android-4.9/prebuilt/windows-x86_64/bin/aarch64-linux-android-gcc --sysroot=D:/ndk15/android-ndk-r15c/platforms/android-21/arch-arm64 -c    -fPIC -DPIC -DPIC conftest.c >&5
configure:8725: $? = 0
configure:8738: result: yes
configure:8767: checking if D:/ndk15/android-ndk-r15c/toolchains/aarch64-linux-android-4.9/prebuilt/windows-x86_64/bin/aarch64-linux-android-gcc --sysroot=D:/ndk15/android-ndk-r15c/platforms/android-21/arch-arm64 static flag -static works
configure:8795: result: yes
configure:8810: checking if D:/ndk15/android-ndk-r15c/toolchains/aarch64-linux-android-4.9/prebuilt/windows-x86_64/bin/aarch64-linux-android-gcc --sysroot=D:/ndk15/android-ndk-r15c/platforms/android-21/arch-arm64 supports -c -o file.o
configure:8831: D:/ndk15/android-ndk-r15c/toolchains/aarch64-linux-android-4.9/prebuilt/windows-x86_64/bin/aarch64-linux-android-gcc --sysroot=D:/ndk15/android-ndk-r15c/platforms/android-21/arch-arm64 -c    -o out/conftest2.o conftest.c >&5
configure:8835: $? = 0
configure:8857: result: yes
configure:8865: checking if D:/ndk15/android-ndk-r15c/toolchains/aarch64-linux-android-4.9/prebuilt/windows-x86_64/bin/aarch64-linux-android-gcc --sysroot=D:/ndk15/android-ndk-r15c/platforms/android-21/arch-arm64 supports -c -o file.o
configure:8912: result: yes
configure:8945: checking whether the D:/ndk15/android-ndk-r15c/toolchains/aarch64-linux-android-4.9/prebuilt/windows-x86_64/bin/aarch64-linux-android-gcc --sysroot=D:/ndk15/android-ndk-r15c/platforms/android-21/arch-arm64 linker (D:/ndk15/android-ndk-r15c/toolchains/aarch64-linux-android-4.9/prebuilt/windows-x86_64/bin/aarch64-linux-android-ld) supports shared libraries
configure:10102: result: yes
configure:10139: checking whether -lc should be explicitly linked in
configure:10147: D:/ndk15/android-ndk-r15c/toolchains/aarch64-linux-android-4.9/prebuilt/windows-x86_64/bin/aarch64-linux-android-gcc --sysroot=D:/ndk15/android-ndk-r15c/platforms/android-21/arch-arm64 -c    conftest.c >&5
configure:10150: $? = 0
configure:10165: D:/ndk15/android-ndk-r15c/toolchains/aarch64-linux-android-4.9/prebuilt/windows-x86_64/bin/aarch64-linux-android-gcc --sysroot=D:/ndk15/android-ndk-r15c/platforms/android-21/arch-arm64 -shared  -fPIC -DPIC conftest.o  -v -Wl,-soname -Wl,conftest -o conftest 2\>\&1 \| /usr/bin/grep  -lc  \>/dev/null 2\>\&1
configure:10168: $? = 0
configure:10182: result: no
configure:10342: checking dynamic linker characteristics
configure:10842: D:/ndk15/android-ndk-r15c/toolchains/aarch64-linux-android-4.9/prebuilt/windows-x86_64/bin/aarch64-linux-android-gcc --sysroot=D:/ndk15/android-ndk-r15c/platforms/android-21/arch-arm64 -o conftest     -LD:/ndk15/android-ndk-r15c/platforms/android-21/arch-arm64/usr/lib     -Wl,-rpath -Wl,/foo conftest.c  >&5
configure:10842: $? = 0
configure:11076: result: GNU/Linux ld.so
configure:11183: checking how to hardcode library paths into programs
configure:11208: result: immediate
configure:11748: checking whether stripping libraries is possible
configure:11753: result: yes
configure:11788: checking if libtool supports shared libraries
configure:11790: result: yes
configure:11793: checking whether to build shared libraries
configure:11814: result: yes
configure:11817: checking whether to build static libraries
configure:11821: result: yes
configure:11844: checking how to run the C++ preprocessor
configure:11871: D:/ndk15/android-ndk-r15c/toolchains/aarch64-linux-android-4.9/prebuilt/windows-x86_64/bin/aarch64-linux-android-g++ --sysroot=D:/ndk15/android-ndk-r15c/platforms/android-21/arch-arm64 -E  conftest.cpp
configure:11871: $? = 0
configure:11885: D:/ndk15/android-ndk-r15c/toolchains/aarch64-linux-android-4.9/prebuilt/windows-x86_64/bin/aarch64-linux-android-g++ --sysroot=D:/ndk15/android-ndk-r15c/platforms/android-21/arch-arm64 -E  conftest.cpp
conftest.cpp:23:28: fatal error: ac_nonexistent.h: No such file or directory
 #include <ac_nonexistent.h>
                            ^
compilation terminated.
configure:11885: $? = 1
configure: failed program was:
| /* confdefs.h */
| #define PACKAGE_NAME "fdk-aac"
| #define PACKAGE_TARNAME "fdk-aac"
| #define PACKAGE_VERSION "0.1.3"
| #define PACKAGE_STRING "fdk-aac 0.1.3"
| #define PACKAGE_BUGREPORT "http://sourceforge.net/projects/opencore-amr/"
| #define PACKAGE_URL ""
| #define PACKAGE "fdk-aac"
| #define VERSION "0.1.3"
| #define STDC_HEADERS 1
| #define HAVE_SYS_TYPES_H 1
| #define HAVE_SYS_STAT_H 1
| #define HAVE_STDLIB_H 1
| #define HAVE_STRING_H 1
| #define HAVE_MEMORY_H 1
| #define HAVE_STRINGS_H 1
| #define HAVE_INTTYPES_H 1
| #define HAVE_STDINT_H 1
| #define HAVE_UNISTD_H 1
| #define HAVE_DLFCN_H 1
| #define LT_OBJDIR ".libs/"
| /* end confdefs.h.  */
| #include <ac_nonexistent.h>
configure:11910: result: D:/ndk15/android-ndk-r15c/toolchains/aarch64-linux-android-4.9/prebuilt/windows-x86_64/bin/aarch64-linux-android-g++ --sysroot=D:/ndk15/android-ndk-r15c/platforms/android-21/arch-arm64 -E
configure:11930: D:/ndk15/android-ndk-r15c/toolchains/aarch64-linux-android-4.9/prebuilt/windows-x86_64/bin/aarch64-linux-android-g++ --sysroot=D:/ndk15/android-ndk-r15c/platforms/android-21/arch-arm64 -E  conftest.cpp
configure:11930: $? = 0
configure:11944: D:/ndk15/android-ndk-r15c/toolchains/aarch64-linux-android-4.9/prebuilt/windows-x86_64/bin/aarch64-linux-android-g++ --sysroot=D:/ndk15/android-ndk-r15c/platforms/android-21/arch-arm64 -E  conftest.cpp
conftest.cpp:23:28: fatal error: ac_nonexistent.h: No such file or directory
 #include <ac_nonexistent.h>
                            ^
compilation terminated.
configure:11944: $? = 1
configure: failed program was:
| /* confdefs.h */
| #define PACKAGE_NAME "fdk-aac"
| #define PACKAGE_TARNAME "fdk-aac"
| #define PACKAGE_VERSION "0.1.3"
| #define PACKAGE_STRING "fdk-aac 0.1.3"
| #define PACKAGE_BUGREPORT "http://sourceforge.net/projects/opencore-amr/"
| #define PACKAGE_URL ""
| #define PACKAGE "fdk-aac"
| #define VERSION "0.1.3"
| #define STDC_HEADERS 1
| #define HAVE_SYS_TYPES_H 1
| #define HAVE_SYS_STAT_H 1
| #define HAVE_STDLIB_H 1
| #define HAVE_STRING_H 1
| #define HAVE_MEMORY_H 1
| #define HAVE_STRINGS_H 1
| #define HAVE_INTTYPES_H 1
| #define HAVE_STDINT_H 1
| #define HAVE_UNISTD_H 1
| #define HAVE_DLFCN_H 1
| #define LT_OBJDIR ".libs/"
| /* end confdefs.h.  */
| #include <ac_nonexistent.h>
configure:12113: checking for ld used by D:/ndk15/android-ndk-r15c/toolchains/aarch64-linux-android-4.9/prebuilt/windows-x86_64/bin/aarch64-linux-android-g++ --sysroot=D:/ndk15/android-ndk-r15c/platforms/android-21/arch-arm64
configure:12180: result: D:/ndk15/android-ndk-r15c/toolchains/aarch64-linux-android-4.9/prebuilt/windows-x86_64/bin/aarch64-linux-android-ld
configure:12187: checking if the linker (D:/ndk15/android-ndk-r15c/toolchains/aarch64-linux-android-4.9/prebuilt/windows-x86_64/bin/aarch64-linux-android-ld) is GNU ld
configure:12202: result: yes
configure:12257: checking whether the D:/ndk15/android-ndk-r15c/toolchains/aarch64-linux-android-4.9/prebuilt/windows-x86_64/bin/aarch64-linux-android-g++ --sysroot=D:/ndk15/android-ndk-r15c/platforms/android-21/arch-arm64 linker (D:/ndk15/android-ndk-r15c/toolchains/aarch64-linux-android-4.9/prebuilt/windows-x86_64/bin/aarch64-linux-android-ld) supports shared libraries
configure:13259: result: yes
configure:13295: D:/ndk15/android-ndk-r15c/toolchains/aarch64-linux-android-4.9/prebuilt/windows-x86_64/bin/aarch64-linux-android-g++ --sysroot=D:/ndk15/android-ndk-r15c/platforms/android-21/arch-arm64 -c    conftest.cpp >&5
configure:13298: $? = 0
configure:13818: checking for D:/ndk15/android-ndk-r15c/toolchains/aarch64-linux-android-4.9/prebuilt/windows-x86_64/bin/aarch64-linux-android-g++ --sysroot=D:/ndk15/android-ndk-r15c/platforms/android-21/arch-arm64 option to produce PIC
configure:13825: result: -fPIC -DPIC
configure:13833: checking if D:/ndk15/android-ndk-r15c/toolchains/aarch64-linux-android-4.9/prebuilt/windows-x86_64/bin/aarch64-linux-android-g++ --sysroot=D:/ndk15/android-ndk-r15c/platforms/android-21/arch-arm64 PIC flag -fPIC -DPIC works
configure:13851: D:/ndk15/android-ndk-r15c/toolchains/aarch64-linux-android-4.9/prebuilt/windows-x86_64/bin/aarch64-linux-android-g++ --sysroot=D:/ndk15/android-ndk-r15c/platforms/android-21/arch-arm64 -c    -fPIC -DPIC -DPIC conftest.cpp >&5
configure:13855: $? = 0
configure:13868: result: yes
configure:13891: checking if D:/ndk15/android-ndk-r15c/toolchains/aarch64-linux-android-4.9/prebuilt/windows-x86_64/bin/aarch64-linux-android-g++ --sysroot=D:/ndk15/android-ndk-r15c/platforms/android-21/arch-arm64 static flag -static works
configure:13919: result: yes
configure:13931: checking if D:/ndk15/android-ndk-r15c/toolchains/aarch64-linux-android-4.9/prebuilt/windows-x86_64/bin/aarch64-linux-android-g++ --sysroot=D:/ndk15/android-ndk-r15c/platforms/android-21/arch-arm64 supports -c -o file.o
configure:13952: D:/ndk15/android-ndk-r15c/toolchains/aarch64-linux-android-4.9/prebuilt/windows-x86_64/bin/aarch64-linux-android-g++ --sysroot=D:/ndk15/android-ndk-r15c/platforms/android-21/arch-arm64 -c    -o out/conftest2.o conftest.cpp >&5
configure:13956: $? = 0
configure:13978: result: yes
configure:13983: checking if D:/ndk15/android-ndk-r15c/toolchains/aarch64-linux-android-4.9/prebuilt/windows-x86_64/bin/aarch64-linux-android-g++ --sysroot=D:/ndk15/android-ndk-r15c/platforms/android-21/arch-arm64 supports -c -o file.o
configure:14030: result: yes
configure:14060: checking whether the D:/ndk15/android-ndk-r15c/toolchains/aarch64-linux-android-4.9/prebuilt/windows-x86_64/bin/aarch64-linux-android-g++ --sysroot=D:/ndk15/android-ndk-r15c/platforms/android-21/arch-arm64 linker (D:/ndk15/android-ndk-r15c/toolchains/aarch64-linux-android-4.9/prebuilt/windows-x86_64/bin/aarch64-linux-android-ld) supports shared libraries
configure:14099: result: yes
configure:14240: checking dynamic linker characteristics
configure:14908: result: GNU/Linux ld.so
configure:14961: checking how to hardcode library paths into programs
configure:14986: result: immediate
configure:15048: checking for sin in -lm
configure:15073: D:/ndk15/android-ndk-r15c/toolchains/aarch64-linux-android-4.9/prebuilt/windows-x86_64/bin/aarch64-linux-android-gcc --sysroot=D:/ndk15/android-ndk-r15c/platforms/android-21/arch-arm64 -o conftest     -LD:/ndk15/android-ndk-r15c/platforms/android-21/arch-arm64/usr/lib     conftest.c -lm   >&5
conftest.c:30:6: warning: conflicting types for built-in function 'sin'
 char sin ();
      ^
configure:15073: $? = 0
configure:15082: result: yes
configure:15281: creating ./config.status

## ---------------------- ##
## Running config.status. ##
## ---------------------- ##

This file was extended by fdk-aac config.status 0.1.3, which was
generated by GNU Autoconf 2.69.  Invocation command line was

  CONFIG_FILES    = 
  CONFIG_HEADERS  = 
  CONFIG_LINKS    = 
  CONFIG_COMMANDS = 
  $ ./config.status 

on HZPC

config.status:1076: creating Makefile
config.status:1076: creating fdk-aac.pc
config.status:1248: executing depfiles commands
config.status:1248: executing libtool commands
configure:17582: WARNING: unrecognized options: --disable-asm, --enable-pic, --enable-strip

## ---------------- ##
## Cache variables. ##
## ---------------- ##

ac_cv_build=x86_64-w64-mingw32
ac_cv_c_compiler_gnu=yes
ac_cv_cxx_compiler_gnu=yes
ac_cv_env_CCC_set=
ac_cv_env_CCC_value=
ac_cv_env_CC_set=set
ac_cv_env_CC_value='D:/ndk15/android-ndk-r15c/toolchains/aarch64-linux-android-4.9/prebuilt/windows-x86_64/bin/aarch64-linux-android-gcc --sysroot=D:/ndk15/android-ndk-r15c/platforms/android-21/arch-arm64'
ac_cv_env_CFLAGS_set=set
ac_cv_env_CFLAGS_value=' '
ac_cv_env_CPPFLAGS_set=
ac_cv_env_CPPFLAGS_value=
ac_cv_env_CPP_set=
ac_cv_env_CPP_value=
ac_cv_env_CXXCPP_set=
ac_cv_env_CXXCPP_value=
ac_cv_env_CXXFLAGS_set=set
ac_cv_env_CXXFLAGS_value=' '
ac_cv_env_CXX_set=set
ac_cv_env_CXX_value='D:/ndk15/android-ndk-r15c/toolchains/aarch64-linux-android-4.9/prebuilt/windows-x86_64/bin/aarch64-linux-android-g++ --sysroot=D:/ndk15/android-ndk-r15c/platforms/android-21/arch-arm64'
ac_cv_env_LDFLAGS_set=set
ac_cv_env_LDFLAGS_value=' -LD:/ndk15/android-ndk-r15c/platforms/android-21/arch-arm64/usr/lib    '
ac_cv_env_LIBS_set=
ac_cv_env_LIBS_value=
ac_cv_env_build_alias_set=
ac_cv_env_build_alias_value=
ac_cv_env_host_alias_set=set
ac_cv_env_host_alias_value=aarch64-linux
ac_cv_env_target_alias_set=set
ac_cv_env_target_alias_value=android
ac_cv_header_dlfcn_h=yes
ac_cv_header_inttypes_h=yes
ac_cv_header_memory_h=yes
ac_cv_header_stdc=yes
ac_cv_header_stdint_h=yes
ac_cv_header_stdlib_h=yes
ac_cv_header_string_h=yes
ac_cv_header_strings_h=yes
ac_cv_header_sys_stat_h=yes
ac_cv_header_sys_types_h=yes
ac_cv_header_unistd_h=yes
ac_cv_host=aarch64-unknown-linux-gnu
ac_cv_lib_m_sin=yes
ac_cv_objext=o
ac_cv_path_EGREP='/usr/bin/grep -E'
ac_cv_path_FGREP='/usr/bin/grep -F'
ac_cv_path_GREP=/usr/bin/grep
ac_cv_path_SED=/usr/bin/sed
ac_cv_path_install='/usr/bin/install -c'
ac_cv_path_mkdir=/usr/bin/mkdir
ac_cv_prog_AR=D:/ndk15/android-ndk-r15c/toolchains/aarch64-linux-android-4.9/prebuilt/windows-x86_64/bin/aarch64-linux-android-ar
ac_cv_prog_AWK=gawk
ac_cv_prog_CC='D:/ndk15/android-ndk-r15c/toolchains/aarch64-linux-android-4.9/prebuilt/windows-x86_64/bin/aarch64-linux-android-gcc --sysroot=D:/ndk15/android-ndk-r15c/platforms/android-21/arch-arm64'
ac_cv_prog_CPP='D:/ndk15/android-ndk-r15c/toolchains/aarch64-linux-android-4.9/prebuilt/windows-x86_64/bin/aarch64-linux-android-gcc --sysroot=D:/ndk15/android-ndk-r15c/platforms/android-21/arch-arm64 -E'
ac_cv_prog_CXXCPP='D:/ndk15/android-ndk-r15c/toolchains/aarch64-linux-android-4.9/prebuilt/windows-x86_64/bin/aarch64-linux-android-g++ --sysroot=D:/ndk15/android-ndk-r15c/platforms/android-21/arch-arm64 -E'
ac_cv_prog_STRIP=strip
ac_cv_prog_ac_ct_DLLTOOL=dlltool
ac_cv_prog_ac_ct_DUMPBIN='link -dump'
ac_cv_prog_ac_ct_OBJDUMP=objdump
ac_cv_prog_ac_ct_RANLIB=ranlib
ac_cv_prog_ac_ct_STRIP=strip
ac_cv_prog_cc_c89=
ac_cv_prog_cc_g=yes
ac_cv_prog_cxx_g=yes
ac_cv_prog_make_make_set=yes
am_cv_CC_dependencies_compiler_type=gcc3
am_cv_CXX_dependencies_compiler_type=gcc3
am_cv_make_support_nested_variables=yes
am_cv_prog_tar_ustar=gnutar
lt_cv_ar_at_file=@
lt_cv_archive_cmds_need_lc=no
lt_cv_deplibs_check_method=pass_all
lt_cv_file_magic_cmd='$MAGIC_CMD'
lt_cv_file_magic_test_file=
lt_cv_ld_reload_flag=-r
lt_cv_nm_interface='BSD nm'
lt_cv_objdir=.libs
lt_cv_path_LD=D:/ndk15/android-ndk-r15c/toolchains/aarch64-linux-android-4.9/prebuilt/windows-x86_64/bin/aarch64-linux-android-ld
lt_cv_path_LDCXX=D:/ndk15/android-ndk-r15c/toolchains/aarch64-linux-android-4.9/prebuilt/windows-x86_64/bin/aarch64-linux-android-ld
lt_cv_path_NM=no
lt_cv_path_mainfest_tool=no
lt_cv_prog_compiler_c_o=yes
lt_cv_prog_compiler_c_o_CXX=yes
lt_cv_prog_compiler_pic='-fPIC -DPIC'
lt_cv_prog_compiler_pic_CXX='-fPIC -DPIC'
lt_cv_prog_compiler_pic_works=yes
lt_cv_prog_compiler_pic_works_CXX=yes
lt_cv_prog_compiler_rtti_exceptions=no
lt_cv_prog_compiler_static_works=yes
lt_cv_prog_compiler_static_works_CXX=yes
lt_cv_prog_gnu_ld=yes
lt_cv_prog_gnu_ldcxx=yes
lt_cv_sharedlib_from_linklib_cmd='printf %s\n'
lt_cv_shlibpath_overrides_runpath=no
lt_cv_sys_global_symbol_pipe='sed -n -e '\''s/^.*[	 ]\([ABCDGIRSTW][ABCDGIRSTW]*\)[	 ][	 ]*\([_A-Za-z][_A-Za-z0-9]*\)\{0,1\}$/\1 \2 \2/p'\'' | sed '\''/ __gnu_lto/d'\'''
lt_cv_sys_global_symbol_to_c_name_address='sed -n -e '\''s/^: \([^ ]*\)[ ]*$/  {\"\1\", (void *) 0},/p'\'' -e '\''s/^[ABCDGIRSTW]* \([^ ]*\) \([^ ]*\)$/  {"\2", (void *) \&\2},/p'\'''
lt_cv_sys_global_symbol_to_c_name_address_lib_prefix='sed -n -e '\''s/^: \([^ ]*\)[ ]*$/  {\"\1\", (void *) 0},/p'\'' -e '\''s/^[ABCDGIRSTW]* \([^ ]*\) \(lib[^ ]*\)$/  {"\2", (void *) \&\2},/p'\'' -e '\''s/^[ABCDGIRSTW]* \([^ ]*\) \([^ ]*\)$/  {"lib\2", (void *) \&\2},/p'\'''
lt_cv_sys_global_symbol_to_cdecl='sed -n -e '\''s/^T .* \(.*\)$/extern int \1();/p'\'' -e '\''s/^[ABCDGIRSTW]* .* \(.*\)$/extern char \1;/p'\'''
lt_cv_sys_max_cmd_len=8192
lt_cv_to_host_file_cmd=func_convert_file_noop
lt_cv_to_tool_file_cmd=func_convert_file_noop

## ----------------- ##
## Output variables. ##
## ----------------- ##

ACLOCAL='${SHELL} /d/ffmpeg3.3.9/ffmpegmore1/ffmpeg-3.3.9/fdk-aac-0.1.3/missing --run aclocal-1.11'
AMDEPBACKSLASH='\'
AMDEP_FALSE='#'
AMDEP_TRUE=''
AMTAR='$${TAR-tar}'
AM_BACKSLASH='\'
AM_DEFAULT_V='$(AM_DEFAULT_VERBOSITY)'
AM_DEFAULT_VERBOSITY='0'
AM_V='$(V)'
AR='D:/ndk15/android-ndk-r15c/toolchains/aarch64-linux-android-4.9/prebuilt/windows-x86_64/bin/aarch64-linux-android-ar'
AUTOCONF='${SHELL} /d/ffmpeg3.3.9/ffmpegmore1/ffmpeg-3.3.9/fdk-aac-0.1.3/missing --run autoconf'
AUTOHEADER='${SHELL} /d/ffmpeg3.3.9/ffmpegmore1/ffmpeg-3.3.9/fdk-aac-0.1.3/missing --run autoheader'
AUTOMAKE='${SHELL} /d/ffmpeg3.3.9/ffmpegmore1/ffmpeg-3.3.9/fdk-aac-0.1.3/missing --run automake-1.11'
AWK='gawk'
CC='D:/ndk15/android-ndk-r15c/toolchains/aarch64-linux-android-4.9/prebuilt/windows-x86_64/bin/aarch64-linux-android-gcc --sysroot=D:/ndk15/android-ndk-r15c/platforms/android-21/arch-arm64'
CCDEPMODE='depmode=gcc3'
CFLAGS=' '
CPP='D:/ndk15/android-ndk-r15c/toolchains/aarch64-linux-android-4.9/prebuilt/windows-x86_64/bin/aarch64-linux-android-gcc --sysroot=D:/ndk15/android-ndk-r15c/platforms/android-21/arch-arm64 -E'
CPPFLAGS=''
CXX='D:/ndk15/android-ndk-r15c/toolchains/aarch64-linux-android-4.9/prebuilt/windows-x86_64/bin/aarch64-linux-android-g++ --sysroot=D:/ndk15/android-ndk-r15c/platforms/android-21/arch-arm64'
CXXCPP='D:/ndk15/android-ndk-r15c/toolchains/aarch64-linux-android-4.9/prebuilt/windows-x86_64/bin/aarch64-linux-android-g++ --sysroot=D:/ndk15/android-ndk-r15c/platforms/android-21/arch-arm64 -E'
CXXDEPMODE='depmode=gcc3'
CXXFLAGS=' '
CYGPATH_W='cygpath -w'
DEFS='-DPACKAGE_NAME=\"fdk-aac\" -DPACKAGE_TARNAME=\"fdk-aac\" -DPACKAGE_VERSION=\"0.1.3\" -DPACKAGE_STRING=\"fdk-aac\ 0.1.3\" -DPACKAGE_BUGREPORT=\"http://sourceforge.net/projects/opencore-amr/\" -DPACKAGE_URL=\"\" -DPACKAGE=\"fdk-aac\" -DVERSION=\"0.1.3\" -DSTDC_HEADERS=1 -DHAVE_SYS_TYPES_H=1 -DHAVE_SYS_STAT_H=1 -DHAVE_STDLIB_H=1 -DHAVE_STRING_H=1 -DHAVE_MEMORY_H=1 -DHAVE_STRINGS_H=1 -DHAVE_INTTYPES_H=1 -DHAVE_STDINT_H=1 -DHAVE_UNISTD_H=1 -DHAVE_DLFCN_H=1 -DLT_OBJDIR=\".libs/\" -DHAVE_LIBM=1'
DEPDIR='.deps'
DLLTOOL='dlltool'
DSYMUTIL=''
DUMPBIN=':'
ECHO_C=''
ECHO_N='-n'
ECHO_T=''
EGREP='/usr/bin/grep -E'
EXAMPLE_FALSE=''
EXAMPLE_TRUE='#'
EXEEXT=''
FDK_AAC_VERSION='0:4:0'
FGREP='/usr/bin/grep -F'
GREP='/usr/bin/grep'
INSTALL_DATA='${INSTALL} -m 644'
INSTALL_PROGRAM='${INSTALL}'
INSTALL_SCRIPT='${INSTALL}'
INSTALL_STRIP_PROGRAM='$(install_sh) -c -s'
LD='D:/ndk15/android-ndk-r15c/toolchains/aarch64-linux-android-4.9/prebuilt/windows-x86_64/bin/aarch64-linux-android-ld'
LDFLAGS=' -LD:/ndk15/android-ndk-r15c/platforms/android-21/arch-arm64/usr/lib    '
LIBOBJS=''
LIBS='-lm '
LIBS_PRIVATE='-lm '
LIBS_PUBLIC=''
LIBTOOL='$(SHELL) $(top_builddir)/libtool'
LIPO=''
LN_S='cp -pR'
LTLIBOBJS=''
MAKEINFO='${SHELL} /d/ffmpeg3.3.9/ffmpegmore1/ffmpeg-3.3.9/fdk-aac-0.1.3/missing --run makeinfo'
MANIFEST_TOOL=':'
MKDIR_P='/usr/bin/mkdir -p'
NM='nm'
NMEDIT=''
OBJDUMP='objdump'
OBJEXT='o'
OTOOL64=''
OTOOL=''
PACKAGE='fdk-aac'
PACKAGE_BUGREPORT='http://sourceforge.net/projects/opencore-amr/'
PACKAGE_NAME='fdk-aac'
PACKAGE_STRING='fdk-aac 0.1.3'
PACKAGE_TARNAME='fdk-aac'
PACKAGE_URL=''
PACKAGE_VERSION='0.1.3'
PATH_SEPARATOR=':'
RANLIB='ranlib'
SED='/usr/bin/sed'
SET_MAKE=''
SHELL='/bin/sh'
STRIP='strip'
VERSION='0.1.3'
ac_ct_AR=''
ac_ct_CC=''
ac_ct_CXX=''
ac_ct_DUMPBIN='link -dump'
am__EXEEXT_FALSE=''
am__EXEEXT_TRUE='#'
am__fastdepCC_FALSE='#'
am__fastdepCC_TRUE=''
am__fastdepCXX_FALSE='#'
am__fastdepCXX_TRUE=''
am__include='include'
am__isrc=''
am__leading_dot='.'
am__nodep='_no'
am__quote=''
am__tar='tar --format=ustar -chf - "$$tardir"'
am__untar='tar -xf -'
bindir='${exec_prefix}/bin'
build='x86_64-w64-mingw32'
build_alias='x86_64-w64-mingw32'
build_cpu='x86_64'
build_os='mingw32'
build_vendor='w64'
datadir='${datarootdir}'
datarootdir='${prefix}/share'
docdir='${datarootdir}/doc/${PACKAGE_TARNAME}'
dvidir='${docdir}'
exec_prefix='${prefix}'
host='aarch64-unknown-linux-gnu'
host_alias='aarch64-linux'
host_cpu='aarch64'
host_os='linux-gnu'
host_vendor='unknown'
htmldir='${docdir}'
includedir='${prefix}/include'
infodir='${datarootdir}/info'
install_sh='${SHELL} /d/ffmpeg3.3.9/ffmpegmore1/ffmpeg-3.3.9/fdk-aac-0.1.3/install-sh'
libdir='${exec_prefix}/lib'
libexecdir='${exec_prefix}/libexec'
localedir='${datarootdir}/locale'
localstatedir='${prefix}/var'
mandir='${datarootdir}/man'
mkdir_p='/usr/bin/mkdir -p'
oldincludedir='/usr/include'
pdfdir='${docdir}'
prefix='/d/ffmpeg3.3.9/ffmpegmore1/ffmpeg-3.3.9/fdk-aac-0.1.3/android/arm64-v8a'
program_transform_name='s,x,x,'
psdir='${docdir}'
sbindir='${exec_prefix}/sbin'
sharedstatedir='${prefix}/com'
sysconfdir='${prefix}/etc'
target_alias='android'

## ----------- ##
## confdefs.h. ##
## ----------- ##

/* confdefs.h */
#define PACKAGE_NAME "fdk-aac"
#define PACKAGE_TARNAME "fdk-aac"
#define PACKAGE_VERSION "0.1.3"
#define PACKAGE_STRING "fdk-aac 0.1.3"
#define PACKAGE_BUGREPORT "http://sourceforge.net/projects/opencore-amr/"
#define PACKAGE_URL ""
#define PACKAGE "fdk-aac"
#define VERSION "0.1.3"
#define STDC_HEADERS 1
#define HAVE_SYS_TYPES_H 1
#define HAVE_SYS_STAT_H 1
#define HAVE_STDLIB_H 1
#define HAVE_STRING_H 1
#define HAVE_MEMORY_H 1
#define HAVE_STRINGS_H 1
#define HAVE_INTTYPES_H 1
#define HAVE_STDINT_H 1
#define HAVE_UNISTD_H 1
#define HAVE_DLFCN_H 1
#define LT_OBJDIR ".libs/"
#define HAVE_LIBM 1

configure: exit 0
