This file contains any messages produced by compilers while
running configure, to aid debugging if configure makes a mistake.

It was created by fdk-aac configure 0.1.3, which was
generated by GNU Autoconf 2.68.  Invocation command line was

  $ ./configure --enable-static --host=aarch64-linux --target=android --disable-asm --enable-pic --enable-strip --prefix=/d/ffmpeg3.3.9/ffmpegmore/ffmpeg-3.3.9/fdk-aac-0.1.3/android/arm64-v8a

## --------- ##
## Platform. ##
## --------- ##

hostname = HZPC
uname -m = i686
uname -r = 1.0.19(0.48/3/2)
uname -s = MINGW32_NT-6.2
uname -v = 2016-07-13 17:45

/usr/bin/uname -p = unknown
/bin/uname -X     = unknown

/bin/arch              = unknown
/usr/bin/arch -k       = unknown
/usr/convex/getsysinfo = unknown
/usr/bin/hostinfo      = unknown
/bin/machine           = unknown
/usr/bin/oslevel       = unknown
/bin/universe          = unknown

PATH: .
PATH: /usr/local/bin
PATH: /mingw/bin
PATH: /bin
PATH: /c/Program Files (x86)/Common Files/Oracle/Java/javapath
PATH: /c/ProgramData/Oracle/Java/javapath
PATH: /c/Windows/system32
PATH: /c/Windows
PATH: /c/Windows/System32/Wbem
PATH: /c/Windows/System32/WindowsPowerShell/v1.0/
PATH: /c/Windows/System32/OpenSSH/
PATH: /d/AS/jdk/Java/jdk1.8.0_92/bin
PATH: /d/AS/jdk/Java/jre1.8.0_92/bin
PATH: /d/git/Git/cmd
PATH: /d/Ò¹ÉîÄ£ÄâÆ÷/Nox/bin
PATH: /d/svn/bin
PATH: /mingw/bin
PATH: /usr/bin
PATH: /d/ndk15/android-ndk-r15c
PATH: /c/Users/Admin/AppData/Local/Microsoft/WindowsApps
PATH: /c/Users/Admin/AppData/Local/GitHubDesktop/bin


## ----------- ##
## Core tests. ##
## ----------- ##

configure:2278: checking for a BSD-compatible install
configure:2346: result: /bin/install -c
configure:2357: checking whether build environment is sane
configure:2407: result: yes
configure:2456: checking for aarch64-linux-strip
configure:2486: result: no
configure:2496: checking for strip
configure:2512: found /mingw/bin/strip
configure:2523: result: strip
configure:2548: checking for a thread-safe mkdir -p
configure:2587: result: /bin/mkdir -p
configure:2600: checking for gawk
configure:2616: found /bin/gawk
configure:2627: result: gawk
configure:2638: checking whether make sets $(MAKE)
configure:2660: result: yes
configure:2735: checking how to create a ustar tar archive
configure:2748: tar --version
tar (GNU tar) 1.23
Copyright (C) 2010 Free Software Foundation, Inc.
License GPLv3+: GNU GPL version 3 or later <http://gnu.org/licenses/gpl.html>.
This is free software: you are free to change and redistribute it.
There is NO WARRANTY, to the extent permitted by law.

Written by John Gilmore and Jay Fenlason.
configure:2751: $? = 0
configure:2791: tardir=conftest.dir && eval tar --format=ustar -chf - "$tardir" >conftest.tar
configure:2794: $? = 0
configure:2798: tar -xf - <conftest.tar
configure:2801: $? = 0
configure:2814: result: gnutar
configure:2859: checking for aarch64-linux-gcc
configure:2886: result: D:/ndk15/android-ndk-r15c/toolchains/aarch64-linux-android-4.9/prebuilt/windows-x86_64/bin/aarch64-linux-android-gcc --sysroot=D:/ndk15/android-ndk-r15c/platforms/android-21/arch-arm64
configure:3155: checking for C compiler version
configure:3164: D:/ndk15/android-ndk-r15c/toolchains/aarch64-linux-android-4.9/prebuilt/windows-x86_64/bin/aarch64-linux-android-gcc --sysroot=D:/ndk15/android-ndk-r15c/platforms/android-21/arch-arm64 --version >&5
aarch64-linux-android-gcc.exe (GCC) 4.9.x 20150123 (prerelease)
Copyright (C) 2014 Free Software Foundation, Inc.
This is free software; see the source for copying conditions.  There is NO
warranty; not even for MERCHANTABILITY or FITNESS FOR A PARTICULAR PURPOSE.

configure:3175: $? = 0
configure:3164: D:/ndk15/android-ndk-r15c/toolchains/aarch64-linux-android-4.9/prebuilt/windows-x86_64/bin/aarch64-linux-android-gcc --sysroot=D:/ndk15/android-ndk-r15c/platforms/android-21/arch-arm64 -v >&5
Using built-in specs.
COLLECT_GCC=d:\ndk15\android-ndk-r15c\toolchains\aarch64-linux-android-4.9\prebuilt\windows-x86_64\bin\aarch64-linux-android-gcc.exe
COLLECT_LTO_WRAPPER=d:/ndk15/android-ndk-r15c/toolchains/aarch64-linux-android-4.9/prebuilt/windows-x86_64/bin/../libexec/gcc/aarch64-linux-android/4.9.x/lto-wrapper.exe
Target: aarch64-linux-android
Configured with: /usr/local/google/buildbot/src/android/gcc/toolchain/build/../gcc/gcc-4.9/configure --prefix=/tmp/ba87ca438b41d05f94d001f6340be22b --target=aarch64-linux-android --host=x86_64-pc-mingw32msvc --build=x86_64-linux-gnu --with-gnu-as --with-gnu-ld --enable-languages=c,c++ --with-gmp=/buildbot/tmp/build/toolchain/temp-install --with-mpfr=/buildbot/tmp/build/toolchain/temp-install --with-mpc=/buildbot/tmp/build/toolchain/temp-install --with-cloog=/buildbot/tmp/build/toolchain/temp-install --with-isl=/buildbot/tmp/build/toolchain/temp-install --with-ppl=/buildbot/tmp/build/toolchain/temp-install --disable-ppl-version-check --disable-cloog-version-check --disable-isl-version-check --enable-cloog-backend=isl --with-host-libstdcxx='-static-libgcc -static-libstdc++ -lstdc++ -lm -static' --disable-libssp --enable-threads --disable-nls --disable-libmudflap --disable-libgomp --disable-libstdc__-v3 --disable-sjlj-exceptions --disable-shared --disable-tls --disable-libitm --enable-bionic-libs --enable-libatomic-ifuncs=no --enable-initfini-array --disable-nls --prefix=/tmp/ba87ca438b41d05f94d001f6340be22b --with-sysroot=/tmp/ba87ca438b41d05f94d001f6340be22b/sysroot --with-binutils-version=2.25 --with-mpfr-version=3.1.1 --with-mpc-version=1.0.1 --with-gmp-version=5.0.5 --with-gcc-version=4.9 --with-gdb-version=none --with-gxx-include-dir=/tmp/ba87ca438b41d05f94d001f6340be22b/include/c++/4.9.x --with-bugurl=http://source.android.com/source/report-bugs.html --enable-languages=c,c++ --disable-bootstrap --enable-plugins --enable-libgomp --enable-gnu-indirect-function --disable-libsanitizer --enable-gold --enable-ld=default --enable-eh-frame-hdr-for-static --enable-fix-cortex-a53-835769 --enable-graphite=yes --with-isl-version=0.11.1 --with-cloog-version=0.18.0 --program-transform-name='s&^&aarch64-linux-android-&' --enable-gold
Thread model: posix
gcc version 4.9.x 20150123 (prerelease) (GCC) 
configure:3175: $? = 0
configure:3164: D:/ndk15/android-ndk-r15c/toolchains/aarch64-linux-android-4.9/prebuilt/windows-x86_64/bin/aarch64-linux-android-gcc --sysroot=D:/ndk15/android-ndk-r15c/platforms/android-21/arch-arm64 -V >&5
aarch64-linux-android-gcc.exe: error: unrecognized command line option '-V'
aarch64-linux-android-gcc.exe: fatal error: no input files
compilation terminated.
configure:3175: $? = 1
configure:3164: D:/ndk15/android-ndk-r15c/toolchains/aarch64-linux-android-4.9/prebuilt/windows-x86_64/bin/aarch64-linux-android-gcc --sysroot=D:/ndk15/android-ndk-r15c/platforms/android-21/arch-arm64 -qversion >&5
aarch64-linux-android-gcc.exe: error: unrecognized command line option '-qversion'
aarch64-linux-android-gcc.exe: fatal error: no input files
compilation terminated.
configure:3175: $? = 1
configure:3195: checking whether the C compiler works
configure:3217: D:/ndk15/android-ndk-r15c/toolchains/aarch64-linux-android-4.9/prebuilt/windows-x86_64/bin/aarch64-linux-android-gcc --sysroot=D:/ndk15/android-ndk-r15c/platforms/android-21/arch-arm64     -LD:/ndk15/android-ndk-r15c/platforms/android-21/arch-arm64/usr/lib     conftest.c  >&5
configure:3221: $? = 0
configure:3269: result: yes
configure:3272: checking for C compiler default output file name
configure:3274: result: a.out
configure:3280: checking for suffix of executables
configure:3287: D:/ndk15/android-ndk-r15c/toolchains/aarch64-linux-android-4.9/prebuilt/windows-x86_64/bin/aarch64-linux-android-gcc --sysroot=D:/ndk15/android-ndk-r15c/platforms/android-21/arch-arm64 -o conftest     -LD:/ndk15/android-ndk-r15c/platforms/android-21/arch-arm64/usr/lib     conftest.c  >&5
configure:3291: $? = 0
configure:3313: result: 
configure:3335: checking whether we are cross compiling
configure:3343: D:/ndk15/android-ndk-r15c/toolchains/aarch64-linux-android-4.9/prebuilt/windows-x86_64/bin/aarch64-linux-android-gcc --sysroot=D:/ndk15/android-ndk-r15c/platforms/android-21/arch-arm64 -o conftest     -LD:/ndk15/android-ndk-r15c/platforms/android-21/arch-arm64/usr/lib     conftest.c  >&5
configure:3347: $? = 0
configure:3354: ./conftest
./conftest: ./conftest: cannot execute binary file
configure:3358: $? = 126
configure:3373: result: yes
configure:3378: checking for suffix of object files
configure:3400: D:/ndk15/android-ndk-r15c/toolchains/aarch64-linux-android-4.9/prebuilt/windows-x86_64/bin/aarch64-linux-android-gcc --sysroot=D:/ndk15/android-ndk-r15c/platforms/android-21/arch-arm64 -c    conftest.c >&5
configure:3404: $? = 0
configure:3425: result: o
configure:3429: checking whether we are using the GNU C compiler
configure:3448: D:/ndk15/android-ndk-r15c/toolchains/aarch64-linux-android-4.9/prebuilt/windows-x86_64/bin/aarch64-linux-android-gcc --sysroot=D:/ndk15/android-ndk-r15c/platforms/android-21/arch-arm64 -c    conftest.c >&5
configure:3448: $? = 0
configure:3457: result: yes
configure:3466: checking whether D:/ndk15/android-ndk-r15c/toolchains/aarch64-linux-android-4.9/prebuilt/windows-x86_64/bin/aarch64-linux-android-gcc --sysroot=D:/ndk15/android-ndk-r15c/platforms/android-21/arch-arm64 accepts -g
configure:3486: D:/ndk15/android-ndk-r15c/toolchains/aarch64-linux-android-4.9/prebuilt/windows-x86_64/bin/aarch64-linux-android-gcc --sysroot=D:/ndk15/android-ndk-r15c/platforms/android-21/arch-arm64 -c -g  conftest.c >&5
configure:3486: $? = 0
configure:3527: result: yes
configure:3544: checking for D:/ndk15/android-ndk-r15c/toolchains/aarch64-linux-android-4.9/prebuilt/windows-x86_64/bin/aarch64-linux-android-gcc --sysroot=D:/ndk15/android-ndk-r15c/platforms/android-21/arch-arm64 option to accept ISO C89
configure:3608: D:/ndk15/android-ndk-r15c/toolchains/aarch64-linux-android-4.9/prebuilt/windows-x86_64/bin/aarch64-linux-android-gcc --sysroot=D:/ndk15/android-ndk-r15c/platforms/android-21/arch-arm64  -c    conftest.c >&5
configure:3608: $? = 0
configure:3621: result: none needed
configure:3652: checking for style of include used by make
configure:3680: result: GNU
configure:3705: checking dependency style of D:/ndk15/android-ndk-r15c/toolchains/aarch64-linux-android-4.9/prebuilt/windows-x86_64/bin/aarch64-linux-android-gcc --sysroot=D:/ndk15/android-ndk-r15c/platforms/android-21/arch-arm64
configure:3815: result: gcc3
configure:3942: checking for C++ compiler version
configure:3951: D:/ndk15/android-ndk-r15c/toolchains/aarch64-linux-android-4.9/prebuilt/windows-x86_64/bin/aarch64-linux-android-g++ --sysroot=D:/ndk15/android-ndk-r15c/platforms/android-21/arch-arm64 --version >&5
aarch64-linux-android-g++.exe (GCC) 4.9.x 20150123 (prerelease)
Copyright (C) 2014 Free Software Foundation, Inc.
This is free software; see the source for copying conditions.  There is NO
warranty; not even for MERCHANTABILITY or FITNESS FOR A PARTICULAR PURPOSE.

configure:3962: $? = 0
configure:3951: D:/ndk15/android-ndk-r15c/toolchains/aarch64-linux-android-4.9/prebuilt/windows-x86_64/bin/aarch64-linux-android-g++ --sysroot=D:/ndk15/android-ndk-r15c/platforms/android-21/arch-arm64 -v >&5
Using built-in specs.
COLLECT_GCC=d:\ndk15\android-ndk-r15c\toolchains\aarch64-linux-android-4.9\prebuilt\windows-x86_64\bin\aarch64-linux-android-g++.exe
COLLECT_LTO_WRAPPER=d:/ndk15/android-ndk-r15c/toolchains/aarch64-linux-android-4.9/prebuilt/windows-x86_64/bin/../libexec/gcc/aarch64-linux-android/4.9.x/lto-wrapper.exe
Target: aarch64-linux-android
Configured with: /usr/local/google/buildbot/src/android/gcc/toolchain/build/../gcc/gcc-4.9/configure --prefix=/tmp/ba87ca438b41d05f94d001f6340be22b --target=aarch64-linux-android --host=x86_64-pc-mingw32msvc --build=x86_64-linux-gnu --with-gnu-as --with-gnu-ld --enable-languages=c,c++ --with-gmp=/buildbot/tmp/build/toolchain/temp-install --with-mpfr=/buildbot/tmp/build/toolchain/temp-install --with-mpc=/buildbot/tmp/build/toolchain/temp-install --with-cloog=/buildbot/tmp/build/toolchain/temp-install --with-isl=/buildbot/tmp/build/toolchain/temp-install --with-ppl=/buildbot/tmp/build/toolchain/temp-install --disable-ppl-version-check --disable-cloog-version-check --disable-isl-version-check --enable-cloog-backend=isl --with-host-libstdcxx='-static-libgcc -static-libstdc++ -lstdc++ -lm -static' --disable-libssp --enable-threads --disable-nls --disable-libmudflap --disable-libgomp --disable-libstdc__-v3 --disable-sjlj-exceptions --disable-shared --disable-tls --disable-libitm --enable-bionic-libs --enable-libatomic-ifuncs=no --enable-initfini-array --disable-nls --prefix=/tmp/ba87ca438b41d05f94d001f6340be22b --with-sysroot=/tmp/ba87ca438b41d05f94d001f6340be22b/sysroot --with-binutils-version=2.25 --with-mpfr-version=3.1.1 --with-mpc-version=1.0.1 --with-gmp-version=5.0.5 --with-gcc-version=4.9 --with-gdb-version=none --with-gxx-include-dir=/tmp/ba87ca438b41d05f94d001f6340be22b/include/c++/4.9.x --with-bugurl=http://source.android.com/source/report-bugs.html --enable-languages=c,c++ --disable-bootstrap --enable-plugins --enable-libgomp --enable-gnu-indirect-function --disable-libsanitizer --enable-gold --enable-ld=default --enable-eh-frame-hdr-for-static --enable-fix-cortex-a53-835769 --enable-graphite=yes --with-isl-version=0.11.1 --with-cloog-version=0.18.0 --program-transform-name='s&^&aarch64-linux-android-&' --enable-gold
Thread model: posix
gcc version 4.9.x 20150123 (prerelease) (GCC) 
configure:3962: $? = 0
configure:3951: D:/ndk15/android-ndk-r15c/toolchains/aarch64-linux-android-4.9/prebuilt/windows-x86_64/bin/aarch64-linux-android-g++ --sysroot=D:/ndk15/android-ndk-r15c/platforms/android-21/arch-arm64 -V >&5
aarch64-linux-android-g++.exe: error: unrecognized command line option '-V'
aarch64-linux-android-g++.exe: fatal error: no input files
compilation terminated.
configure:3962: $? = 1
configure:3951: D:/ndk15/android-ndk-r15c/toolchains/aarch64-linux-android-4.9/prebuilt/windows-x86_64/bin/aarch64-linux-android-g++ --sysroot=D:/ndk15/android-ndk-r15c/platforms/android-21/arch-arm64 -qversion >&5
aarch64-linux-android-g++.exe: error: unrecognized command line option '-qversion'
aarch64-linux-android-g++.exe: fatal error: no input files
compilation terminated.
configure:3962: $? = 1
configure:3966: checking whether we are using the GNU C++ compiler
configure:3985: D:/ndk15/android-ndk-r15c/toolchains/aarch64-linux-android-4.9/prebuilt/windows-x86_64/bin/aarch64-linux-android-g++ --sysroot=D:/ndk15/android-ndk-r15c/platforms/android-21/arch-arm64 -c    conftest.cpp >&5
configure:3985: $? = 0
configure:3994: result: yes
configure:4003: checking whether D:/ndk15/android-ndk-r15c/toolchains/aarch64-linux-android-4.9/prebuilt/windows-x86_64/bin/aarch64-linux-android-g++ --sysroot=D:/ndk15/android-ndk-r15c/platforms/android-21/arch-arm64 accepts -g
configure:4023: D:/ndk15/android-ndk-r15c/toolchains/aarch64-linux-android-4.9/prebuilt/windows-x86_64/bin/aarch64-linux-android-g++ --sysroot=D:/ndk15/android-ndk-r15c/platforms/android-21/arch-arm64 -c -g  conftest.cpp >&5
configure:4023: $? = 0
configure:4064: result: yes
configure:4089: checking dependency style of D:/ndk15/android-ndk-r15c/toolchains/aarch64-linux-android-4.9/prebuilt/windows-x86_64/bin/aarch64-linux-android-g++ --sysroot=D:/ndk15/android-ndk-r15c/platforms/android-21/arch-arm64
configure:4199: result: gcc3
configure:4243: checking build system type
configure:4257: result: i686-pc-mingw32
configure:4277: checking host system type
configure:4290: result: aarch64-unknown-linux-gnu
configure:4331: checking how to print strings
configure:4358: result: printf
configure:4379: checking for a sed that does not truncate output
configure:4443: result: /bin/sed
configure:4461: checking for grep that handles long lines and -e
configure:4519: result: /bin/grep
configure:4524: checking for egrep
configure:4586: result: /bin/grep -E
configure:4591: checking for fgrep
configure:4653: result: /bin/grep -F
configure:4688: checking for ld used by D:/ndk15/android-ndk-r15c/toolchains/aarch64-linux-android-4.9/prebuilt/windows-x86_64/bin/aarch64-linux-android-gcc --sysroot=D:/ndk15/android-ndk-r15c/platforms/android-21/arch-arm64
configure:4755: result: D:/ndk15/android-ndk-r15c/toolchains/aarch64-linux-android-4.9/prebuilt/windows-x86_64/bin/aarch64-linux-android-ld
configure:4762: checking if the linker (D:/ndk15/android-ndk-r15c/toolchains/aarch64-linux-android-4.9/prebuilt/windows-x86_64/bin/aarch64-linux-android-ld) is GNU ld
configure:4777: result: yes
configure:4789: checking for BSD- or MS-compatible name lister (nm)
configure:4838: result: no
configure:4852: checking for aarch64-linux-dumpbin
configure:4882: result: no
configure:4852: checking for aarch64-linux-link
configure:4882: result: no
configure:4896: checking for dumpbin
configure:4926: result: no
configure:4896: checking for link
configure:4912: found /bin/link
configure:4923: result: link -dump
configure:4939: WARNING: using cross tools not prefixed with host triplet
configure:4968: checking the name lister (nm) interface
configure:4975: D:/ndk15/android-ndk-r15c/toolchains/aarch64-linux-android-4.9/prebuilt/windows-x86_64/bin/aarch64-linux-android-gcc --sysroot=D:/ndk15/android-ndk-r15c/platforms/android-21/arch-arm64 -c    conftest.c >&5
configure:4978: nm "conftest.o"
C:\MinGW\bin\nm.exe: conftest.o: file format not recognized
configure:4981: output
configure:4988: result: BSD nm
configure:4991: checking whether ln -s works
configure:4998: result: no, using cp -p
configure:5003: checking the maximum length of command line arguments
configure:5133: result: 8192
configure:5150: checking whether the shell understands some XSI constructs
configure:5160: result: yes
configure:5164: checking whether the shell understands "+="
configure:5170: result: yes
configure:5205: checking how to convert i686-pc-mingw32 file names to aarch64-unknown-linux-gnu format
configure:5245: result: func_convert_file_noop
configure:5252: checking how to convert i686-pc-mingw32 file names to toolchain format
configure:5272: result: func_convert_file_noop
configure:5279: checking for D:/ndk15/android-ndk-r15c/toolchains/aarch64-linux-android-4.9/prebuilt/windows-x86_64/bin/aarch64-linux-android-ld option to reload object files
configure:5286: result: -r
configure:5320: checking for aarch64-linux-objdump
configure:5350: result: no
configure:5360: checking for objdump
configure:5376: found /mingw/bin/objdump
configure:5387: result: objdump
configure:5419: checking how to recognize dependent libraries
configure:5617: result: pass_all
configure:5662: checking for aarch64-linux-dlltool
configure:5692: result: no
configure:5702: checking for dlltool
configure:5718: found /mingw/bin/dlltool
configure:5729: result: dlltool
configure:5762: checking how to associate runtime and link libraries
configure:5789: result: printf %s\n
configure:5806: checking for aarch64-linux-ar
configure:5833: result: D:/ndk15/android-ndk-r15c/toolchains/aarch64-linux-android-4.9/prebuilt/windows-x86_64/bin/aarch64-linux-android-ar
configure:5914: checking for archiver @FILE support
configure:5931: D:/ndk15/android-ndk-r15c/toolchains/aarch64-linux-android-4.9/prebuilt/windows-x86_64/bin/aarch64-linux-android-gcc --sysroot=D:/ndk15/android-ndk-r15c/platforms/android-21/arch-arm64 -c    conftest.c >&5
configure:5931: $? = 0
configure:5934: D:/ndk15/android-ndk-r15c/toolchains/aarch64-linux-android-4.9/prebuilt/windows-x86_64/bin/aarch64-linux-android-ar cru libconftest.a @conftest.lst >&5
configure:5937: $? = 0
configure:5942: D:/ndk15/android-ndk-r15c/toolchains/aarch64-linux-android-4.9/prebuilt/windows-x86_64/bin/aarch64-linux-android-ar cru libconftest.a @conftest.lst >&5
d:\ndk15\android-ndk-r15c\toolchains\aarch64-linux-android-4.9\prebuilt\windows-x86_64\bin\aarch64-linux-android-ar.exe: conftest.o: No such file or directory
configure:5945: $? = 1
configure:5957: result: @
configure:5975: checking for aarch64-linux-strip
configure:6002: result: strip
configure:6074: checking for aarch64-linux-ranlib
configure:6104: result: no
configure:6114: checking for ranlib
configure:6130: found /mingw/bin/ranlib
configure:6141: result: ranlib
configure:6243: checking command to parse nm output from D:/ndk15/android-ndk-r15c/toolchains/aarch64-linux-android-4.9/prebuilt/windows-x86_64/bin/aarch64-linux-android-gcc --sysroot=D:/ndk15/android-ndk-r15c/platforms/android-21/arch-arm64 object
configure:6363: D:/ndk15/android-ndk-r15c/toolchains/aarch64-linux-android-4.9/prebuilt/windows-x86_64/bin/aarch64-linux-android-gcc --sysroot=D:/ndk15/android-ndk-r15c/platforms/android-21/arch-arm64 -c    conftest.c >&5
configure:6366: $? = 0
configure:6370: nm conftest.o \| sed -n -e 's/^.*[ ]\([ABCDGIRSTW][ABCDGIRSTW]*\)[ ][ ]*\([_A-Za-z][_A-Za-z0-9]*\)\{0,1\}$/\1 \2 \2/p' | sed '/ __gnu_lto/d' \> conftest.nm
C:\MinGW\bin\nm.exe: conftest.o: file format not recognized
configure:6373: $? = 0
cannot run sed -n -e 's/^.*[	 ]\([ABCDGIRSTW][ABCDGIRSTW]*\)[	 ][	 ]*\([_A-Za-z][_A-Za-z0-9]*\)\{0,1\}$/\1 \2 \2/p' | sed '/ __gnu_lto/d'
configure:6363: D:/ndk15/android-ndk-r15c/toolchains/aarch64-linux-android-4.9/prebuilt/windows-x86_64/bin/aarch64-linux-android-gcc --sysroot=D:/ndk15/android-ndk-r15c/platforms/android-21/arch-arm64 -c    conftest.c >&5
configure:6366: $? = 0
configure:6370: nm conftest.o \| sed -n -e 's/^.*[ ]\([ABCDGIRSTW][ABCDGIRSTW]*\)[ ][ ]*_\([_A-Za-z][_A-Za-z0-9]*\)\{0,1\}$/\1 _\2 \2/p' | sed '/ __gnu_lto/d' \> conftest.nm
C:\MinGW\bin\nm.exe: conftest.o: file format not recognized
configure:6373: $? = 0
cannot run sed -n -e 's/^.*[	 ]\([ABCDGIRSTW][ABCDGIRSTW]*\)[	 ][	 ]*_\([_A-Za-z][_A-Za-z0-9]*\)\{0,1\}$/\1 _\2 \2/p' | sed '/ __gnu_lto/d'
configure:6477: result: failed
configure:6517: checking for sysroot
configure:6547: result: no
configure:6763: checking for aarch64-linux-mt
configure:6793: result: no
configure:6803: checking for mt
configure:6833: result: no
configure:6853: checking if : is a manifest tool
configure:6859: : '-?'
configure:6867: result: no
configure:7509: checking how to run the C preprocessor
configure:7540: D:/ndk15/android-ndk-r15c/toolchains/aarch64-linux-android-4.9/prebuilt/windows-x86_64/bin/aarch64-linux-android-gcc --sysroot=D:/ndk15/android-ndk-r15c/platforms/android-21/arch-arm64 -E  conftest.c
configure:7540: $? = 0
configure:7554: D:/ndk15/android-ndk-r15c/toolchains/aarch64-linux-android-4.9/prebuilt/windows-x86_64/bin/aarch64-linux-android-gcc --sysroot=D:/ndk15/android-ndk-r15c/platforms/android-21/arch-arm64 -E  conftest.c
conftest.c:11:28: fatal error: ac_nonexistent.h: No such file or directory
 #include <ac_nonexistent.h>
                            ^
compilation terminated.
configure:7554: $? = 1
configure: failed program was:
| /* confdefs.h */
| #define PACKAGE_NAME "fdk-aac"
| #define PACKAGE_TARNAME "fdk-aac"
| #define PACKAGE_VERSION "0.1.3"
| #define PACKAGE_STRING "fdk-aac 0.1.3"
| #define PACKAGE_BUGREPORT "http://sourceforge.net/projects/opencore-amr/"
| #define PACKAGE_URL ""
| #define PACKAGE "fdk-aac"
| #define VERSION "0.1.3"
| /* end confdefs.h.  */
| #include <ac_nonexistent.h>
configure:7579: result: D:/ndk15/android-ndk-r15c/toolchains/aarch64-linux-android-4.9/prebuilt/windows-x86_64/bin/aarch64-linux-android-gcc --sysroot=D:/ndk15/android-ndk-r15c/platforms/android-21/arch-arm64 -E
configure:7599: D:/ndk15/android-ndk-r15c/toolchains/aarch64-linux-android-4.9/prebuilt/windows-x86_64/bin/aarch64-linux-android-gcc --sysroot=D:/ndk15/android-ndk-r15c/platforms/android-21/arch-arm64 -E  conftest.c
configure:7599: $? = 0
configure:7613: D:/ndk15/android-ndk-r15c/toolchains/aarch64-linux-android-4.9/prebuilt/windows-x86_64/bin/aarch64-linux-android-gcc --sysroot=D:/ndk15/android-ndk-r15c/platforms/android-21/arch-arm64 -E  conftest.c
conftest.c:11:28: fatal error: ac_nonexistent.h: No such file or directory
 #include <ac_nonexistent.h>
                            ^
compilation terminated.
configure:7613: $? = 1
configure: failed program was:
| /* confdefs.h */
| #define PACKAGE_NAME "fdk-aac"
| #define PACKAGE_TARNAME "fdk-aac"
| #define PACKAGE_VERSION "0.1.3"
| #define PACKAGE_STRING "fdk-aac 0.1.3"
| #define PACKAGE_BUGREPORT "http://sourceforge.net/projects/opencore-amr/"
| #define PACKAGE_URL ""
| #define PACKAGE "fdk-aac"
| #define VERSION "0.1.3"
| /* end confdefs.h.  */
| #include <ac_nonexistent.h>
configure:7642: checking for ANSI C header files
configure:7662: D:/ndk15/android-ndk-r15c/toolchains/aarch64-linux-android-4.9/prebuilt/windows-x86_64/bin/aarch64-linux-android-gcc --sysroot=D:/ndk15/android-ndk-r15c/platforms/android-21/arch-arm64 -c    conftest.c >&5
configure:7662: $? = 0
configure:7746: result: yes
configure:7759: checking for sys/types.h
configure:7759: D:/ndk15/android-ndk-r15c/toolchains/aarch64-linux-android-4.9/prebuilt/windows-x86_64/bin/aarch64-linux-android-gcc --sysroot=D:/ndk15/android-ndk-r15c/platforms/android-21/arch-arm64 -c    conftest.c >&5
configure:7759: $? = 0
configure:7759: result: yes
configure:7759: checking for sys/stat.h
configure:7759: D:/ndk15/android-ndk-r15c/toolchains/aarch64-linux-android-4.9/prebuilt/windows-x86_64/bin/aarch64-linux-android-gcc --sysroot=D:/ndk15/android-ndk-r15c/platforms/android-21/arch-arm64 -c    conftest.c >&5
configure:7759: $? = 0
configure:7759: result: yes
configure:7759: checking for stdlib.h
configure:7759: D:/ndk15/android-ndk-r15c/toolchains/aarch64-linux-android-4.9/prebuilt/windows-x86_64/bin/aarch64-linux-android-gcc --sysroot=D:/ndk15/android-ndk-r15c/platforms/android-21/arch-arm64 -c    conftest.c >&5
configure:7759: $? = 0
configure:7759: result: yes
configure:7759: checking for string.h
configure:7759: D:/ndk15/android-ndk-r15c/toolchains/aarch64-linux-android-4.9/prebuilt/windows-x86_64/bin/aarch64-linux-android-gcc --sysroot=D:/ndk15/android-ndk-r15c/platforms/android-21/arch-arm64 -c    conftest.c >&5
configure:7759: $? = 0
configure:7759: result: yes
configure:7759: checking for memory.h
configure:7759: D:/ndk15/android-ndk-r15c/toolchains/aarch64-linux-android-4.9/prebuilt/windows-x86_64/bin/aarch64-linux-android-gcc --sysroot=D:/ndk15/android-ndk-r15c/platforms/android-21/arch-arm64 -c    conftest.c >&5
configure:7759: $? = 0
configure:7759: result: yes
configure:7759: checking for strings.h
configure:7759: D:/ndk15/android-ndk-r15c/toolchains/aarch64-linux-android-4.9/prebuilt/windows-x86_64/bin/aarch64-linux-android-gcc --sysroot=D:/ndk15/android-ndk-r15c/platforms/android-21/arch-arm64 -c    conftest.c >&5
configure:7759: $? = 0
configure:7759: result: yes
configure:7759: checking for inttypes.h
configure:7759: D:/ndk15/android-ndk-r15c/toolchains/aarch64-linux-android-4.9/prebuilt/windows-x86_64/bin/aarch64-linux-android-gcc --sysroot=D:/ndk15/android-ndk-r15c/platforms/android-21/arch-arm64 -c    conftest.c >&5
configure:7759: $? = 0
configure:7759: result: yes
configure:7759: checking for stdint.h
configure:7759: D:/ndk15/android-ndk-r15c/toolchains/aarch64-linux-android-4.9/prebuilt/windows-x86_64/bin/aarch64-linux-android-gcc --sysroot=D:/ndk15/android-ndk-r15c/platforms/android-21/arch-arm64 -c    conftest.c >&5
configure:7759: $? = 0
configure:7759: result: yes
configure:7759: checking for unistd.h
configure:7759: D:/ndk15/android-ndk-r15c/toolchains/aarch64-linux-android-4.9/prebuilt/windows-x86_64/bin/aarch64-linux-android-gcc --sysroot=D:/ndk15/android-ndk-r15c/platforms/android-21/arch-arm64 -c    conftest.c >&5
configure:7759: $? = 0
configure:7759: result: yes
configure:7773: checking for dlfcn.h
configure:7773: D:/ndk15/android-ndk-r15c/toolchains/aarch64-linux-android-4.9/prebuilt/windows-x86_64/bin/aarch64-linux-android-gcc --sysroot=D:/ndk15/android-ndk-r15c/platforms/android-21/arch-arm64 -c    conftest.c >&5
configure:7773: $? = 0
configure:7773: result: yes
configure:7990: checking for objdir
configure:8005: result: .libs
configure:8276: checking if D:/ndk15/android-ndk-r15c/toolchains/aarch64-linux-android-4.9/prebuilt/windows-x86_64/bin/aarch64-linux-android-gcc --sysroot=D:/ndk15/android-ndk-r15c/platforms/android-21/arch-arm64 supports -fno-rtti -fno-exceptions
configure:8294: D:/ndk15/android-ndk-r15c/toolchains/aarch64-linux-android-4.9/prebuilt/windows-x86_64/bin/aarch64-linux-android-gcc --sysroot=D:/ndk15/android-ndk-r15c/platforms/android-21/arch-arm64 -c    -fno-rtti -fno-exceptions conftest.c >&5
cc1.exe: warning: command line option '-fno-rtti' is valid for C++/ObjC++ but not for C
configure:8298: $? = 0
configure:8311: result: no
configure:8638: checking for D:/ndk15/android-ndk-r15c/toolchains/aarch64-linux-android-4.9/prebuilt/windows-x86_64/bin/aarch64-linux-android-gcc --sysroot=D:/ndk15/android-ndk-r15c/platforms/android-21/arch-arm64 option to produce PIC
configure:8645: result: -fPIC -DPIC
configure:8653: checking if D:/ndk15/android-ndk-r15c/toolchains/aarch64-linux-android-4.9/prebuilt/windows-x86_64/bin/aarch64-linux-android-gcc --sysroot=D:/ndk15/android-ndk-r15c/platforms/android-21/arch-arm64 PIC flag -fPIC -DPIC works
configure:8671: D:/ndk15/android-ndk-r15c/toolchains/aarch64-linux-android-4.9/prebuilt/windows-x86_64/bin/aarch64-linux-android-gcc --sysroot=D:/ndk15/android-ndk-r15c/platforms/android-21/arch-arm64 -c    -fPIC -DPIC -DPIC conftest.c >&5
configure:8675: $? = 0
configure:8688: result: yes
configure:8717: checking if D:/ndk15/android-ndk-r15c/toolchains/aarch64-linux-android-4.9/prebuilt/windows-x86_64/bin/aarch64-linux-android-gcc --sysroot=D:/ndk15/android-ndk-r15c/platforms/android-21/arch-arm64 static flag -static works
configure:8745: result: yes
configure:8760: checking if D:/ndk15/android-ndk-r15c/toolchains/aarch64-linux-android-4.9/prebuilt/windows-x86_64/bin/aarch64-linux-android-gcc --sysroot=D:/ndk15/android-ndk-r15c/platforms/android-21/arch-arm64 supports -c -o file.o
configure:8781: D:/ndk15/android-ndk-r15c/toolchains/aarch64-linux-android-4.9/prebuilt/windows-x86_64/bin/aarch64-linux-android-gcc --sysroot=D:/ndk15/android-ndk-r15c/platforms/android-21/arch-arm64 -c    -o out/conftest2.o conftest.c >&5
configure:8785: $? = 0
configure:8807: result: yes
configure:8815: checking if D:/ndk15/android-ndk-r15c/toolchains/aarch64-linux-android-4.9/prebuilt/windows-x86_64/bin/aarch64-linux-android-gcc --sysroot=D:/ndk15/android-ndk-r15c/platforms/android-21/arch-arm64 supports -c -o file.o
configure:8862: result: yes
configure:8895: checking whether the D:/ndk15/android-ndk-r15c/toolchains/aarch64-linux-android-4.9/prebuilt/windows-x86_64/bin/aarch64-linux-android-gcc --sysroot=D:/ndk15/android-ndk-r15c/platforms/android-21/arch-arm64 linker (D:/ndk15/android-ndk-r15c/toolchains/aarch64-linux-android-4.9/prebuilt/windows-x86_64/bin/aarch64-linux-android-ld) supports shared libraries
configure:10052: result: yes
configure:10089: checking whether -lc should be explicitly linked in
configure:10097: D:/ndk15/android-ndk-r15c/toolchains/aarch64-linux-android-4.9/prebuilt/windows-x86_64/bin/aarch64-linux-android-gcc --sysroot=D:/ndk15/android-ndk-r15c/platforms/android-21/arch-arm64 -c    conftest.c >&5
configure:10100: $? = 0
configure:10115: D:/ndk15/android-ndk-r15c/toolchains/aarch64-linux-android-4.9/prebuilt/windows-x86_64/bin/aarch64-linux-android-gcc --sysroot=D:/ndk15/android-ndk-r15c/platforms/android-21/arch-arm64 -shared  -fPIC -DPIC conftest.o  -v -Wl,-soname -Wl,conftest -o conftest 2\>\&1 \| /bin/grep  -lc  \>/dev/null 2\>\&1
configure:10118: $? = 0
configure:10132: result: no
configure:10292: checking dynamic linker characteristics
configure:10792: D:/ndk15/android-ndk-r15c/toolchains/aarch64-linux-android-4.9/prebuilt/windows-x86_64/bin/aarch64-linux-android-gcc --sysroot=D:/ndk15/android-ndk-r15c/platforms/android-21/arch-arm64 -o conftest     -LD:/ndk15/android-ndk-r15c/platforms/android-21/arch-arm64/usr/lib     -Wl,-rpath -Wl,/foo conftest.c  >&5
configure:10792: $? = 0
configure:11026: result: GNU/Linux ld.so
configure:11133: checking how to hardcode library paths into programs
configure:11158: result: immediate
configure:11698: checking whether stripping libraries is possible
configure:11703: result: yes
configure:11738: checking if libtool supports shared libraries
configure:11740: result: yes
configure:11743: checking whether to build shared libraries
configure:11764: result: yes
configure:11767: checking whether to build static libraries
configure:11771: result: yes
configure:11794: checking how to run the C++ preprocessor
configure:11821: D:/ndk15/android-ndk-r15c/toolchains/aarch64-linux-android-4.9/prebuilt/windows-x86_64/bin/aarch64-linux-android-g++ --sysroot=D:/ndk15/android-ndk-r15c/platforms/android-21/arch-arm64 -E  conftest.cpp
configure:11821: $? = 0
configure:11835: D:/ndk15/android-ndk-r15c/toolchains/aarch64-linux-android-4.9/prebuilt/windows-x86_64/bin/aarch64-linux-android-g++ --sysroot=D:/ndk15/android-ndk-r15c/platforms/android-21/arch-arm64 -E  conftest.cpp
conftest.cpp:23:28: fatal error: ac_nonexistent.h: No such file or directory
 #include <ac_nonexistent.h>
                            ^
compilation terminated.
configure:11835: $? = 1
configure: failed program was:
| /* confdefs.h */
| #define PACKAGE_NAME "fdk-aac"
| #define PACKAGE_TARNAME "fdk-aac"
| #define PACKAGE_VERSION "0.1.3"
| #define PACKAGE_STRING "fdk-aac 0.1.3"
| #define PACKAGE_BUGREPORT "http://sourceforge.net/projects/opencore-amr/"
| #define PACKAGE_URL ""
| #define PACKAGE "fdk-aac"
| #define VERSION "0.1.3"
| #define STDC_HEADERS 1
| #define HAVE_SYS_TYPES_H 1
| #define HAVE_SYS_STAT_H 1
| #define HAVE_STDLIB_H 1
| #define HAVE_STRING_H 1
| #define HAVE_MEMORY_H 1
| #define HAVE_STRINGS_H 1
| #define HAVE_INTTYPES_H 1
| #define HAVE_STDINT_H 1
| #define HAVE_UNISTD_H 1
| #define HAVE_DLFCN_H 1
| #define LT_OBJDIR ".libs/"
| /* end confdefs.h.  */
| #include <ac_nonexistent.h>
configure:11860: result: D:/ndk15/android-ndk-r15c/toolchains/aarch64-linux-android-4.9/prebuilt/windows-x86_64/bin/aarch64-linux-android-g++ --sysroot=D:/ndk15/android-ndk-r15c/platforms/android-21/arch-arm64 -E
configure:11880: D:/ndk15/android-ndk-r15c/toolchains/aarch64-linux-android-4.9/prebuilt/windows-x86_64/bin/aarch64-linux-android-g++ --sysroot=D:/ndk15/android-ndk-r15c/platforms/android-21/arch-arm64 -E  conftest.cpp
configure:11880: $? = 0
configure:11894: D:/ndk15/android-ndk-r15c/toolchains/aarch64-linux-android-4.9/prebuilt/windows-x86_64/bin/aarch64-linux-android-g++ --sysroot=D:/ndk15/android-ndk-r15c/platforms/android-21/arch-arm64 -E  conftest.cpp
conftest.cpp:23:28: fatal error: ac_nonexistent.h: No such file or directory
 #include <ac_nonexistent.h>
                            ^
compilation terminated.
configure:11894: $? = 1
configure: failed program was:
| /* confdefs.h */
| #define PACKAGE_NAME "fdk-aac"
| #define PACKAGE_TARNAME "fdk-aac"
| #define PACKAGE_VERSION "0.1.3"
| #define PACKAGE_STRING "fdk-aac 0.1.3"
| #define PACKAGE_BUGREPORT "http://sourceforge.net/projects/opencore-amr/"
| #define PACKAGE_URL ""
| #define PACKAGE "fdk-aac"
| #define VERSION "0.1.3"
| #define STDC_HEADERS 1
| #define HAVE_SYS_TYPES_H 1
| #define HAVE_SYS_STAT_H 1
| #define HAVE_STDLIB_H 1
| #define HAVE_STRING_H 1
| #define HAVE_MEMORY_H 1
| #define HAVE_STRINGS_H 1
| #define HAVE_INTTYPES_H 1
| #define HAVE_STDINT_H 1
| #define HAVE_UNISTD_H 1
| #define HAVE_DLFCN_H 1
| #define LT_OBJDIR ".libs/"
| /* end confdefs.h.  */
| #include <ac_nonexistent.h>
configure:12063: checking for ld used by D:/ndk15/android-ndk-r15c/toolchains/aarch64-linux-android-4.9/prebuilt/windows-x86_64/bin/aarch64-linux-android-g++ --sysroot=D:/ndk15/android-ndk-r15c/platforms/android-21/arch-arm64
configure:12130: result: D:/ndk15/android-ndk-r15c/toolchains/aarch64-linux-android-4.9/prebuilt/windows-x86_64/bin/aarch64-linux-android-ld
configure:12137: checking if the linker (D:/ndk15/android-ndk-r15c/toolchains/aarch64-linux-android-4.9/prebuilt/windows-x86_64/bin/aarch64-linux-android-ld) is GNU ld
configure:12152: result: yes
configure:12207: checking whether the D:/ndk15/android-ndk-r15c/toolchains/aarch64-linux-android-4.9/prebuilt/windows-x86_64/bin/aarch64-linux-android-g++ --sysroot=D:/ndk15/android-ndk-r15c/platforms/android-21/arch-arm64 linker (D:/ndk15/android-ndk-r15c/toolchains/aarch64-linux-android-4.9/prebuilt/windows-x86_64/bin/aarch64-linux-android-ld) supports shared libraries
configure:13209: result: yes
configure:13245: D:/ndk15/android-ndk-r15c/toolchains/aarch64-linux-android-4.9/prebuilt/windows-x86_64/bin/aarch64-linux-android-g++ --sysroot=D:/ndk15/android-ndk-r15c/platforms/android-21/arch-arm64 -c    conftest.cpp >&5
configure:13248: $? = 0
configure:13768: checking for D:/ndk15/android-ndk-r15c/toolchains/aarch64-linux-android-4.9/prebuilt/windows-x86_64/bin/aarch64-linux-android-g++ --sysroot=D:/ndk15/android-ndk-r15c/platforms/android-21/arch-arm64 option to produce PIC
configure:13775: result: -fPIC -DPIC
configure:13783: checking if D:/ndk15/android-ndk-r15c/toolchains/aarch64-linux-android-4.9/prebuilt/windows-x86_64/bin/aarch64-linux-android-g++ --sysroot=D:/ndk15/android-ndk-r15c/platforms/android-21/arch-arm64 PIC flag -fPIC -DPIC works
configure:13801: D:/ndk15/android-ndk-r15c/toolchains/aarch64-linux-android-4.9/prebuilt/windows-x86_64/bin/aarch64-linux-android-g++ --sysroot=D:/ndk15/android-ndk-r15c/platforms/android-21/arch-arm64 -c    -fPIC -DPIC -DPIC conftest.cpp >&5
configure:13805: $? = 0
configure:13818: result: yes
configure:13841: checking if D:/ndk15/android-ndk-r15c/toolchains/aarch64-linux-android-4.9/prebuilt/windows-x86_64/bin/aarch64-linux-android-g++ --sysroot=D:/ndk15/android-ndk-r15c/platforms/android-21/arch-arm64 static flag -static works
configure:13869: result: yes
configure:13881: checking if D:/ndk15/android-ndk-r15c/toolchains/aarch64-linux-android-4.9/prebuilt/windows-x86_64/bin/aarch64-linux-android-g++ --sysroot=D:/ndk15/android-ndk-r15c/platforms/android-21/arch-arm64 supports -c -o file.o
configure:13902: D:/ndk15/android-ndk-r15c/toolchains/aarch64-linux-android-4.9/prebuilt/windows-x86_64/bin/aarch64-linux-android-g++ --sysroot=D:/ndk15/android-ndk-r15c/platforms/android-21/arch-arm64 -c    -o out/conftest2.o conftest.cpp >&5
configure:13906: $? = 0
configure:13928: result: yes
configure:13933: checking if D:/ndk15/android-ndk-r15c/toolchains/aarch64-linux-android-4.9/prebuilt/windows-x86_64/bin/aarch64-linux-android-g++ --sysroot=D:/ndk15/android-ndk-r15c/platforms/android-21/arch-arm64 supports -c -o file.o
configure:13980: result: yes
configure:14010: checking whether the D:/ndk15/android-ndk-r15c/toolchains/aarch64-linux-android-4.9/prebuilt/windows-x86_64/bin/aarch64-linux-android-g++ --sysroot=D:/ndk15/android-ndk-r15c/platforms/android-21/arch-arm64 linker (D:/ndk15/android-ndk-r15c/toolchains/aarch64-linux-android-4.9/prebuilt/windows-x86_64/bin/aarch64-linux-android-ld) supports shared libraries
configure:14049: result: yes
configure:14190: checking dynamic linker characteristics
configure:14858: result: GNU/Linux ld.so
configure:14911: checking how to hardcode library paths into programs
configure:14936: result: immediate
configure:14998: checking for sin in -lm
configure:15023: D:/ndk15/android-ndk-r15c/toolchains/aarch64-linux-android-4.9/prebuilt/windows-x86_64/bin/aarch64-linux-android-gcc --sysroot=D:/ndk15/android-ndk-r15c/platforms/android-21/arch-arm64 -o conftest     -LD:/ndk15/android-ndk-r15c/platforms/android-21/arch-arm64/usr/lib     conftest.c -lm   >&5
conftest.c:30:6: warning: conflicting types for built-in function 'sin'
 char sin ();
      ^
configure:15023: $? = 0
configure:15032: result: yes
configure:15231: creating ./config.status

## ---------------------- ##
## Running config.status. ##
## ---------------------- ##

This file was extended by fdk-aac config.status 0.1.3, which was
generated by GNU Autoconf 2.68.  Invocation command line was

  CONFIG_FILES    = 
  CONFIG_HEADERS  = 
  CONFIG_LINKS    = 
  CONFIG_COMMANDS = 
  $ ./config.status 

on HZPC

config.status:1085: creating Makefile
config.status:1085: creating fdk-aac.pc
config.status:1257: executing depfiles commands
config.status:1257: executing libtool commands
configure:17544: WARNING: unrecognized options: --disable-asm, --enable-pic, --enable-strip

## ---------------- ##
## Cache variables. ##
## ---------------- ##

ac_cv_build=i686-pc-mingw32
ac_cv_c_compiler_gnu=yes
ac_cv_cxx_compiler_gnu=yes
ac_cv_env_CCC_set=
ac_cv_env_CCC_value=
ac_cv_env_CC_set=set
ac_cv_env_CC_value='D:/ndk15/android-ndk-r15c/toolchains/aarch64-linux-android-4.9/prebuilt/windows-x86_64/bin/aarch64-linux-android-gcc --sysroot=D:/ndk15/android-ndk-r15c/platforms/android-21/arch-arm64'
ac_cv_env_CFLAGS_set=set
ac_cv_env_CFLAGS_value=' '
ac_cv_env_CPPFLAGS_set=
ac_cv_env_CPPFLAGS_value=
ac_cv_env_CPP_set=
ac_cv_env_CPP_value=
ac_cv_env_CXXCPP_set=
ac_cv_env_CXXCPP_value=
ac_cv_env_CXXFLAGS_set=set
ac_cv_env_CXXFLAGS_value=' '
ac_cv_env_CXX_set=set
ac_cv_env_CXX_value='D:/ndk15/android-ndk-r15c/toolchains/aarch64-linux-android-4.9/prebuilt/windows-x86_64/bin/aarch64-linux-android-g++ --sysroot=D:/ndk15/android-ndk-r15c/platforms/android-21/arch-arm64'
ac_cv_env_LDFLAGS_set=set
ac_cv_env_LDFLAGS_value=' -LD:/ndk15/android-ndk-r15c/platforms/android-21/arch-arm64/usr/lib    '
ac_cv_env_LIBS_set=
ac_cv_env_LIBS_value=
ac_cv_env_build_alias_set=
ac_cv_env_build_alias_value=
ac_cv_env_host_alias_set=set
ac_cv_env_host_alias_value=aarch64-linux
ac_cv_env_target_alias_set=set
ac_cv_env_target_alias_value=android
ac_cv_header_dlfcn_h=yes
ac_cv_header_inttypes_h=yes
ac_cv_header_memory_h=yes
ac_cv_header_stdc=yes
ac_cv_header_stdint_h=yes
ac_cv_header_stdlib_h=yes
ac_cv_header_string_h=yes
ac_cv_header_strings_h=yes
ac_cv_header_sys_stat_h=yes
ac_cv_header_sys_types_h=yes
ac_cv_header_unistd_h=yes
ac_cv_host=aarch64-unknown-linux-gnu
ac_cv_lib_m_sin=yes
ac_cv_objext=o
ac_cv_path_EGREP='/bin/grep -E'
ac_cv_path_FGREP='/bin/grep -F'
ac_cv_path_GREP=/bin/grep
ac_cv_path_SED=/bin/sed
ac_cv_path_install='/bin/install -c'
ac_cv_path_mkdir=/bin/mkdir
ac_cv_prog_AR=D:/ndk15/android-ndk-r15c/toolchains/aarch64-linux-android-4.9/prebuilt/windows-x86_64/bin/aarch64-linux-android-ar
ac_cv_prog_AWK=gawk
ac_cv_prog_CC='D:/ndk15/android-ndk-r15c/toolchains/aarch64-linux-android-4.9/prebuilt/windows-x86_64/bin/aarch64-linux-android-gcc --sysroot=D:/ndk15/android-ndk-r15c/platforms/android-21/arch-arm64'
ac_cv_prog_CPP='D:/ndk15/android-ndk-r15c/toolchains/aarch64-linux-android-4.9/prebuilt/windows-x86_64/bin/aarch64-linux-android-gcc --sysroot=D:/ndk15/android-ndk-r15c/platforms/android-21/arch-arm64 -E'
ac_cv_prog_CXXCPP='D:/ndk15/android-ndk-r15c/toolchains/aarch64-linux-android-4.9/prebuilt/windows-x86_64/bin/aarch64-linux-android-g++ --sysroot=D:/ndk15/android-ndk-r15c/platforms/android-21/arch-arm64 -E'
ac_cv_prog_STRIP=strip
ac_cv_prog_ac_ct_DLLTOOL=dlltool
ac_cv_prog_ac_ct_DUMPBIN='link -dump'
ac_cv_prog_ac_ct_OBJDUMP=objdump
ac_cv_prog_ac_ct_RANLIB=ranlib
ac_cv_prog_ac_ct_STRIP=strip
ac_cv_prog_cc_c89=
ac_cv_prog_cc_g=yes
ac_cv_prog_cxx_g=yes
ac_cv_prog_make_make_set=yes
am_cv_CC_dependencies_compiler_type=gcc3
am_cv_CXX_dependencies_compiler_type=gcc3
am_cv_prog_tar_ustar=gnutar
lt_cv_ar_at_file=@
lt_cv_archive_cmds_need_lc=no
lt_cv_deplibs_check_method=pass_all
lt_cv_file_magic_cmd='$MAGIC_CMD'
lt_cv_file_magic_test_file=
lt_cv_ld_reload_flag=-r
lt_cv_nm_interface='BSD nm'
lt_cv_objdir=.libs
lt_cv_path_LD=D:/ndk15/android-ndk-r15c/toolchains/aarch64-linux-android-4.9/prebuilt/windows-x86_64/bin/aarch64-linux-android-ld
lt_cv_path_LDCXX=D:/ndk15/android-ndk-r15c/toolchains/aarch64-linux-android-4.9/prebuilt/windows-x86_64/bin/aarch64-linux-android-ld
lt_cv_path_NM=no
lt_cv_path_mainfest_tool=no
lt_cv_prog_compiler_c_o=yes
lt_cv_prog_compiler_c_o_CXX=yes
lt_cv_prog_compiler_pic='-fPIC -DPIC'
lt_cv_prog_compiler_pic_CXX='-fPIC -DPIC'
lt_cv_prog_compiler_pic_works=yes
lt_cv_prog_compiler_pic_works_CXX=yes
lt_cv_prog_compiler_rtti_exceptions=no
lt_cv_prog_compiler_static_works=yes
lt_cv_prog_compiler_static_works_CXX=yes
lt_cv_prog_gnu_ld=yes
lt_cv_prog_gnu_ldcxx=yes
lt_cv_sharedlib_from_linklib_cmd='printf %s\n'
lt_cv_shlibpath_overrides_runpath=no
lt_cv_sys_global_symbol_pipe=
lt_cv_sys_global_symbol_to_c_name_address='sed -n -e '\''s/^: \([^ ]*\)[ ]*$/  {\"\1\", (void *) 0},/p'\'' -e '\''s/^[ABCDGIRSTW]* \([^ ]*\) \([^ ]*\)$/  {"\2", (void *) \&\2},/p'\'''
lt_cv_sys_global_symbol_to_c_name_address_lib_prefix='sed -n -e '\''s/^: \([^ ]*\)[ ]*$/  {\"\1\", (void *) 0},/p'\'' -e '\''s/^[ABCDGIRSTW]* \([^ ]*\) \(lib[^ ]*\)$/  {"\2", (void *) \&\2},/p'\'' -e '\''s/^[ABCDGIRSTW]* \([^ ]*\) \([^ ]*\)$/  {"lib\2", (void *) \&\2},/p'\'''
lt_cv_sys_global_symbol_to_cdecl=
lt_cv_sys_max_cmd_len=8192
lt_cv_to_host_file_cmd=func_convert_file_noop
lt_cv_to_tool_file_cmd=func_convert_file_noop

## ----------------- ##
## Output variables. ##
## ----------------- ##

ACLOCAL='${SHELL} /d/ffmpeg3.3.9/ffmpegmore/ffmpeg-3.3.9/fdk-aac-0.1.3/missing --run aclocal-1.11'
AMDEPBACKSLASH='\'
AMDEP_FALSE='#'
AMDEP_TRUE=''
AMTAR='${SHELL} /d/ffmpeg3.3.9/ffmpegmore/ffmpeg-3.3.9/fdk-aac-0.1.3/missing --run tar'
AM_BACKSLASH='\'
AM_DEFAULT_VERBOSITY='0'
AR='D:/ndk15/android-ndk-r15c/toolchains/aarch64-linux-android-4.9/prebuilt/windows-x86_64/bin/aarch64-linux-android-ar'
AUTOCONF='${SHELL} /d/ffmpeg3.3.9/ffmpegmore/ffmpeg-3.3.9/fdk-aac-0.1.3/missing --run autoconf'
AUTOHEADER='${SHELL} /d/ffmpeg3.3.9/ffmpegmore/ffmpeg-3.3.9/fdk-aac-0.1.3/missing --run autoheader'
AUTOMAKE='${SHELL} /d/ffmpeg3.3.9/ffmpegmore/ffmpeg-3.3.9/fdk-aac-0.1.3/missing --run automake-1.11'
AWK='gawk'
CC='D:/ndk15/android-ndk-r15c/toolchains/aarch64-linux-android-4.9/prebuilt/windows-x86_64/bin/aarch64-linux-android-gcc --sysroot=D:/ndk15/android-ndk-r15c/platforms/android-21/arch-arm64'
CCDEPMODE='depmode=gcc3'
CFLAGS=' '
CPP='D:/ndk15/android-ndk-r15c/toolchains/aarch64-linux-android-4.9/prebuilt/windows-x86_64/bin/aarch64-linux-android-gcc --sysroot=D:/ndk15/android-ndk-r15c/platforms/android-21/arch-arm64 -E'
CPPFLAGS=''
CXX='D:/ndk15/android-ndk-r15c/toolchains/aarch64-linux-android-4.9/prebuilt/windows-x86_64/bin/aarch64-linux-android-g++ --sysroot=D:/ndk15/android-ndk-r15c/platforms/android-21/arch-arm64'
CXXCPP='D:/ndk15/android-ndk-r15c/toolchains/aarch64-linux-android-4.9/prebuilt/windows-x86_64/bin/aarch64-linux-android-g++ --sysroot=D:/ndk15/android-ndk-r15c/platforms/android-21/arch-arm64 -E'
CXXDEPMODE='depmode=gcc3'
CXXFLAGS=' '
CYGPATH_W='echo'
DEFS='-DPACKAGE_NAME=\"fdk-aac\" -DPACKAGE_TARNAME=\"fdk-aac\" -DPACKAGE_VERSION=\"0.1.3\" -DPACKAGE_STRING=\"fdk-aac\ 0.1.3\" -DPACKAGE_BUGREPORT=\"http://sourceforge.net/projects/opencore-amr/\" -DPACKAGE_URL=\"\" -DPACKAGE=\"fdk-aac\" -DVERSION=\"0.1.3\" -DSTDC_HEADERS=1 -DHAVE_SYS_TYPES_H=1 -DHAVE_SYS_STAT_H=1 -DHAVE_STDLIB_H=1 -DHAVE_STRING_H=1 -DHAVE_MEMORY_H=1 -DHAVE_STRINGS_H=1 -DHAVE_INTTYPES_H=1 -DHAVE_STDINT_H=1 -DHAVE_UNISTD_H=1 -DHAVE_DLFCN_H=1 -DLT_OBJDIR=\".libs/\" -DHAVE_LIBM=1'
DEPDIR='.deps'
DLLTOOL='dlltool'
DSYMUTIL=''
DUMPBIN=':'
ECHO_C=''
ECHO_N='-n'
ECHO_T=''
EGREP='/bin/grep -E'
EXAMPLE_FALSE=''
EXAMPLE_TRUE='#'
EXEEXT=''
FDK_AAC_VERSION='0:4:0'
FGREP='/bin/grep -F'
GREP='/bin/grep'
INSTALL_DATA='${INSTALL} -m 644'
INSTALL_PROGRAM='${INSTALL}'
INSTALL_SCRIPT='${INSTALL}'
INSTALL_STRIP_PROGRAM='$(install_sh) -c -s'
LD='D:/ndk15/android-ndk-r15c/toolchains/aarch64-linux-android-4.9/prebuilt/windows-x86_64/bin/aarch64-linux-android-ld'
LDFLAGS=' -LD:/ndk15/android-ndk-r15c/platforms/android-21/arch-arm64/usr/lib    '
LIBOBJS=''
LIBS='-lm '
LIBS_PRIVATE='-lm '
LIBS_PUBLIC=''
LIBTOOL='$(SHELL) $(top_builddir)/libtool'
LIPO=''
LN_S='cp -p'
LTLIBOBJS=''
MAKEINFO='${SHELL} /d/ffmpeg3.3.9/ffmpegmore/ffmpeg-3.3.9/fdk-aac-0.1.3/missing --run makeinfo'
MANIFEST_TOOL=':'
MKDIR_P='/bin/mkdir -p'
NM='nm'
NMEDIT=''
OBJDUMP='objdump'
OBJEXT='o'
OTOOL64=''
OTOOL=''
PACKAGE='fdk-aac'
PACKAGE_BUGREPORT='http://sourceforge.net/projects/opencore-amr/'
PACKAGE_NAME='fdk-aac'
PACKAGE_STRING='fdk-aac 0.1.3'
PACKAGE_TARNAME='fdk-aac'
PACKAGE_URL=''
PACKAGE_VERSION='0.1.3'
PATH_SEPARATOR=':'
RANLIB='ranlib'
SED='/bin/sed'
SET_MAKE=''
SHELL='/bin/sh'
STRIP='strip'
VERSION='0.1.3'
ac_ct_AR=''
ac_ct_CC=''
ac_ct_CXX=''
ac_ct_DUMPBIN='link -dump'
am__EXEEXT_FALSE=''
am__EXEEXT_TRUE='#'
am__fastdepCC_FALSE='#'
am__fastdepCC_TRUE=''
am__fastdepCXX_FALSE='#'
am__fastdepCXX_TRUE=''
am__include='include'
am__isrc=''
am__leading_dot='.'
am__quote=''
am__tar='tar --format=ustar -chf - "$$tardir"'
am__untar='tar -xf -'
bindir='${exec_prefix}/bin'
build='i686-pc-mingw32'
build_alias=''
build_cpu='i686'
build_os='mingw32'
build_vendor='pc'
datadir='${datarootdir}'
datarootdir='${prefix}/share'
docdir='${datarootdir}/doc/${PACKAGE_TARNAME}'
dvidir='${docdir}'
exec_prefix='${prefix}'
host='aarch64-unknown-linux-gnu'
host_alias='aarch64-linux'
host_cpu='aarch64'
host_os='linux-gnu'
host_vendor='unknown'
htmldir='${docdir}'
includedir='${prefix}/include'
infodir='${datarootdir}/info'
install_sh='${SHELL} /d/ffmpeg3.3.9/ffmpegmore/ffmpeg-3.3.9/fdk-aac-0.1.3/install-sh'
libdir='${exec_prefix}/lib'
libexecdir='${exec_prefix}/libexec'
localedir='${datarootdir}/locale'
localstatedir='${prefix}/var'
mandir='${datarootdir}/man'
mkdir_p='/bin/mkdir -p'
oldincludedir='/usr/include'
pdfdir='${docdir}'
prefix='/d/ffmpeg3.3.9/ffmpegmore/ffmpeg-3.3.9/fdk-aac-0.1.3/android/arm64-v8a'
program_transform_name='s,x,x,'
psdir='${docdir}'
sbindir='${exec_prefix}/sbin'
sharedstatedir='${prefix}/com'
sysconfdir='${prefix}/etc'
target_alias='android'

## ----------- ##
## confdefs.h. ##
## ----------- ##

/* confdefs.h */
#define PACKAGE_NAME "fdk-aac"
#define PACKAGE_TARNAME "fdk-aac"
#define PACKAGE_VERSION "0.1.3"
#define PACKAGE_STRING "fdk-aac 0.1.3"
#define PACKAGE_BUGREPORT "http://sourceforge.net/projects/opencore-amr/"
#define PACKAGE_URL ""
#define PACKAGE "fdk-aac"
#define VERSION "0.1.3"
#define STDC_HEADERS 1
#define HAVE_SYS_TYPES_H 1
#define HAVE_SYS_STAT_H 1
#define HAVE_STDLIB_H 1
#define HAVE_STRING_H 1
#define HAVE_MEMORY_H 1
#define HAVE_STRINGS_H 1
#define HAVE_INTTYPES_H 1
#define HAVE_STDINT_H 1
#define HAVE_UNISTD_H 1
#define HAVE_DLFCN_H 1
#define LT_OBJDIR ".libs/"
#define HAVE_LIBM 1

configure: exit 0
